{"C:\\Udemy\\Node-Complete-Guide\\vidly-api\\index.js": {"path":"C:\\Udemy\\Node-Complete-Guide\\vidly-api\\index.js","statementMap":{"0":{"start":{"line":1,"column":16},"end":{"line":1,"column":34}},"1":{"start":{"line":2,"column":15},"end":{"line":2,"column":32}},"2":{"start":{"line":3,"column":15},"end":{"line":3,"column":32}},"3":{"start":{"line":4,"column":16},"end":{"line":4,"column":34}},"4":{"start":{"line":5,"column":12},"end":{"line":5,"column":21}},"5":{"start":{"line":7,"column":13},"end":{"line":7,"column":37}},"6":{"start":{"line":9,"column":0},"end":{"line":9,"column":24}},"7":{"start":{"line":10,"column":0},"end":{"line":10,"column":48}},"8":{"start":{"line":11,"column":0},"end":{"line":11,"column":34}},"9":{"start":{"line":12,"column":0},"end":{"line":12,"column":18}},"10":{"start":{"line":13,"column":0},"end":{"line":13,"column":24}},"11":{"start":{"line":15,"column":0},"end":{"line":15,"column":31}},"12":{"start":{"line":16,"column":0},"end":{"line":16,"column":33}},"13":{"start":{"line":17,"column":0},"end":{"line":17,"column":26}},"14":{"start":{"line":18,"column":0},"end":{"line":18,"column":30}},"15":{"start":{"line":19,"column":0},"end":{"line":19,"column":34}},"16":{"start":{"line":21,"column":15},"end":{"line":21,"column":80}},"17":{"start":{"line":21,"column":38},"end":{"line":21,"column":79}},"18":{"start":{"line":23,"column":0},"end":{"line":23,"column":24}}},"fnMap":{"0":{"name":"(anonymous_0)","decl":{"start":{"line":21,"column":32},"end":{"line":21,"column":33}},"loc":{"start":{"line":21,"column":38},"end":{"line":21,"column":79}},"line":21}},"branchMap":{"0":{"loc":{"start":{"line":7,"column":13},"end":{"line":7,"column":37}},"type":"binary-expr","locations":[{"start":{"line":7,"column":13},"end":{"line":7,"column":29}},{"start":{"line":7,"column":33},"end":{"line":7,"column":37}}],"line":7}},"s":{"0":2,"1":2,"2":2,"3":2,"4":2,"5":2,"6":2,"7":2,"8":2,"9":2,"10":2,"11":2,"12":2,"13":2,"14":2,"15":2,"16":2,"17":2,"18":2},"f":{"0":2},"b":{"0":[2,2]},"_coverageSchema":"1a1c01bbd47fc00a2c39e90264f33305004495a9","hash":"811d1cbda0b717908634b9fa21312fe43f56043b"}
,"C:\\Udemy\\Node-Complete-Guide\\vidly-api\\middleware\\admin.js": {"path":"C:\\Udemy\\Node-Complete-Guide\\vidly-api\\middleware\\admin.js","statementMap":{"0":{"start":{"line":1,"column":0},"end":{"line":4,"column":1}},"1":{"start":{"line":2,"column":4},"end":{"line":2,"column":73}},"2":{"start":{"line":2,"column":27},"end":{"line":2,"column":73}},"3":{"start":{"line":3,"column":4},"end":{"line":3,"column":11}}},"fnMap":{"0":{"name":"(anonymous_0)","decl":{"start":{"line":1,"column":17},"end":{"line":1,"column":18}},"loc":{"start":{"line":1,"column":43},"end":{"line":4,"column":1}},"line":1}},"branchMap":{"0":{"loc":{"start":{"line":2,"column":4},"end":{"line":2,"column":73}},"type":"if","locations":[{"start":{"line":2,"column":4},"end":{"line":2,"column":73}},{"start":{"line":2,"column":4},"end":{"line":2,"column":73}}],"line":2}},"s":{"0":2,"1":4,"2":1,"3":3},"f":{"0":4},"b":{"0":[1,3]},"_coverageSchema":"1a1c01bbd47fc00a2c39e90264f33305004495a9","hash":"85c98faec5b00e449770798cce2390df233124c4"}
,"C:\\Udemy\\Node-Complete-Guide\\vidly-api\\middleware\\auth.js": {"path":"C:\\Udemy\\Node-Complete-Guide\\vidly-api\\middleware\\auth.js","statementMap":{"0":{"start":{"line":1,"column":12},"end":{"line":1,"column":35}},"1":{"start":{"line":2,"column":15},"end":{"line":2,"column":32}},"2":{"start":{"line":4,"column":0},"end":{"line":15,"column":1}},"3":{"start":{"line":5,"column":18},"end":{"line":5,"column":44}},"4":{"start":{"line":6,"column":4},"end":{"line":6,"column":81}},"5":{"start":{"line":6,"column":16},"end":{"line":6,"column":81}},"6":{"start":{"line":8,"column":4},"end":{"line":14,"column":5}},"7":{"start":{"line":9,"column":23},"end":{"line":9,"column":69}},"8":{"start":{"line":10,"column":8},"end":{"line":10,"column":26}},"9":{"start":{"line":11,"column":8},"end":{"line":11,"column":15}},"10":{"start":{"line":13,"column":8},"end":{"line":13,"column":54}}},"fnMap":{"0":{"name":"(anonymous_0)","decl":{"start":{"line":4,"column":17},"end":{"line":4,"column":18}},"loc":{"start":{"line":4,"column":43},"end":{"line":15,"column":1}},"line":4}},"branchMap":{"0":{"loc":{"start":{"line":6,"column":4},"end":{"line":6,"column":81}},"type":"if","locations":[{"start":{"line":6,"column":4},"end":{"line":6,"column":81}},{"start":{"line":6,"column":4},"end":{"line":6,"column":81}}],"line":6}},"s":{"0":3,"1":3,"2":3,"3":20,"4":20,"5":4,"6":16,"7":16,"8":15,"9":15,"10":1},"f":{"0":20},"b":{"0":[4,16]},"_coverageSchema":"1a1c01bbd47fc00a2c39e90264f33305004495a9","hash":"d6ac139a2a925aebf919c9cd7e51e93e17271fff"}
,"C:\\Udemy\\Node-Complete-Guide\\vidly-api\\middleware\\error.js": {"path":"C:\\Udemy\\Node-Complete-Guide\\vidly-api\\middleware\\error.js","statementMap":{"0":{"start":{"line":1,"column":16},"end":{"line":1,"column":34}},"1":{"start":{"line":2,"column":0},"end":{"line":13,"column":1}},"2":{"start":{"line":3,"column":4},"end":{"line":3,"column":36}},"3":{"start":{"line":12,"column":4},"end":{"line":12,"column":46}}},"fnMap":{"0":{"name":"(anonymous_0)","decl":{"start":{"line":2,"column":17},"end":{"line":2,"column":18}},"loc":{"start":{"line":2,"column":48},"end":{"line":13,"column":1}},"line":2}},"branchMap":{},"s":{"0":2,"1":2,"2":0,"3":0},"f":{"0":0},"b":{},"_coverageSchema":"1a1c01bbd47fc00a2c39e90264f33305004495a9","hash":"030ac747063c09f8b1f218d6bf49a39f1679cf96"}
,"C:\\Udemy\\Node-Complete-Guide\\vidly-api\\middleware\\validateObjectid.js": {"path":"C:\\Udemy\\Node-Complete-Guide\\vidly-api\\middleware\\validateObjectid.js","statementMap":{"0":{"start":{"line":1,"column":17},"end":{"line":1,"column":36}},"1":{"start":{"line":3,"column":0},"end":{"line":8,"column":1}},"2":{"start":{"line":4,"column":4},"end":{"line":5,"column":50}},"3":{"start":{"line":5,"column":8},"end":{"line":5,"column":50}},"4":{"start":{"line":7,"column":4},"end":{"line":7,"column":11}}},"fnMap":{"0":{"name":"(anonymous_0)","decl":{"start":{"line":3,"column":17},"end":{"line":3,"column":18}},"loc":{"start":{"line":3,"column":43},"end":{"line":8,"column":1}},"line":3}},"branchMap":{"0":{"loc":{"start":{"line":4,"column":4},"end":{"line":5,"column":50}},"type":"if","locations":[{"start":{"line":4,"column":4},"end":{"line":5,"column":50}},{"start":{"line":4,"column":4},"end":{"line":5,"column":50}}],"line":4}},"s":{"0":2,"1":2,"2":3,"3":1,"4":2},"f":{"0":3},"b":{"0":[1,2]},"_coverageSchema":"1a1c01bbd47fc00a2c39e90264f33305004495a9","hash":"ff4c77d97ec1124d33f55c8ca86ed0a973cb3130"}
,"C:\\Udemy\\Node-Complete-Guide\\vidly-api\\models\\customers.js": {"path":"C:\\Udemy\\Node-Complete-Guide\\vidly-api\\models\\customers.js","statementMap":{"0":{"start":{"line":1,"column":12},"end":{"line":1,"column":26}},"1":{"start":{"line":2,"column":17},"end":{"line":2,"column":36}},"2":{"start":{"line":4,"column":23},"end":{"line":21,"column":2}},"3":{"start":{"line":24,"column":19},"end":{"line":28,"column":5}},"4":{"start":{"line":30,"column":4},"end":{"line":30,"column":42}},"5":{"start":{"line":33,"column":17},"end":{"line":33,"column":59}},"6":{"start":{"line":35,"column":0},"end":{"line":38,"column":2}}},"fnMap":{"0":{"name":"validateCustomer","decl":{"start":{"line":23,"column":9},"end":{"line":23,"column":25}},"loc":{"start":{"line":23,"column":36},"end":{"line":31,"column":1}},"line":23}},"branchMap":{},"s":{"0":2,"1":2,"2":2,"3":0,"4":0,"5":2,"6":2},"f":{"0":0},"b":{},"_coverageSchema":"1a1c01bbd47fc00a2c39e90264f33305004495a9","hash":"6937135e3c37edb18a5dde4576c2ac93fd47419b"}
,"C:\\Udemy\\Node-Complete-Guide\\vidly-api\\models\\genres.js": {"path":"C:\\Udemy\\Node-Complete-Guide\\vidly-api\\models\\genres.js","statementMap":{"0":{"start":{"line":1,"column":12},"end":{"line":1,"column":26}},"1":{"start":{"line":2,"column":17},"end":{"line":2,"column":36}},"2":{"start":{"line":5,"column":19},"end":{"line":7,"column":5}},"3":{"start":{"line":9,"column":4},"end":{"line":9,"column":39}},"4":{"start":{"line":12,"column":20},"end":{"line":19,"column":2}},"5":{"start":{"line":21,"column":14},"end":{"line":21,"column":50}},"6":{"start":{"line":23,"column":0},"end":{"line":27,"column":1}}},"fnMap":{"0":{"name":"validateGenre","decl":{"start":{"line":4,"column":9},"end":{"line":4,"column":22}},"loc":{"start":{"line":4,"column":30},"end":{"line":10,"column":1}},"line":4}},"branchMap":{},"s":{"0":2,"1":2,"2":10,"3":10,"4":2,"5":2,"6":2},"f":{"0":10},"b":{},"_coverageSchema":"1a1c01bbd47fc00a2c39e90264f33305004495a9","hash":"3c3270796154d1863c347e167ecf69f8c5e63ed6"}
,"C:\\Udemy\\Node-Complete-Guide\\vidly-api\\models\\movies.js": {"path":"C:\\Udemy\\Node-Complete-Guide\\vidly-api\\models\\movies.js","statementMap":{"0":{"start":{"line":1,"column":12},"end":{"line":1,"column":26}},"1":{"start":{"line":2,"column":17},"end":{"line":2,"column":36}},"2":{"start":{"line":3,"column":24},"end":{"line":3,"column":43}},"3":{"start":{"line":5,"column":20},"end":{"line":29,"column":2}},"4":{"start":{"line":31,"column":14},"end":{"line":31,"column":50}},"5":{"start":{"line":34,"column":19},"end":{"line":39,"column":5}},"6":{"start":{"line":41,"column":4},"end":{"line":41,"column":39}},"7":{"start":{"line":44,"column":0},"end":{"line":47,"column":1}}},"fnMap":{"0":{"name":"validateMovies","decl":{"start":{"line":33,"column":9},"end":{"line":33,"column":23}},"loc":{"start":{"line":33,"column":31},"end":{"line":42,"column":1}},"line":33}},"branchMap":{},"s":{"0":2,"1":2,"2":2,"3":2,"4":2,"5":0,"6":0,"7":2},"f":{"0":0},"b":{},"_coverageSchema":"1a1c01bbd47fc00a2c39e90264f33305004495a9","hash":"37739ca2bece7e9256c48a27286f0683cbe41999"}
,"C:\\Udemy\\Node-Complete-Guide\\vidly-api\\models\\rental.js": {"path":"C:\\Udemy\\Node-Complete-Guide\\vidly-api\\models\\rental.js","statementMap":{"0":{"start":{"line":1,"column":12},"end":{"line":1,"column":26}},"1":{"start":{"line":2,"column":17},"end":{"line":2,"column":36}},"2":{"start":{"line":4,"column":15},"end":{"line":56,"column":3}},"3":{"start":{"line":59,"column":19},"end":{"line":62,"column":5}},"4":{"start":{"line":64,"column":4},"end":{"line":64,"column":40}},"5":{"start":{"line":67,"column":0},"end":{"line":70,"column":1}}},"fnMap":{"0":{"name":"validateRental","decl":{"start":{"line":58,"column":9},"end":{"line":58,"column":23}},"loc":{"start":{"line":58,"column":32},"end":{"line":65,"column":1}},"line":58}},"branchMap":{},"s":{"0":2,"1":2,"2":2,"3":0,"4":0,"5":2},"f":{"0":0},"b":{},"_coverageSchema":"1a1c01bbd47fc00a2c39e90264f33305004495a9","hash":"8178ec8667d4fd3d74746e1ede284392cc16e051"}
,"C:\\Udemy\\Node-Complete-Guide\\vidly-api\\models\\users.js": {"path":"C:\\Udemy\\Node-Complete-Guide\\vidly-api\\models\\users.js","statementMap":{"0":{"start":{"line":1,"column":12},"end":{"line":1,"column":35}},"1":{"start":{"line":2,"column":15},"end":{"line":2,"column":32}},"2":{"start":{"line":3,"column":12},"end":{"line":3,"column":26}},"3":{"start":{"line":4,"column":17},"end":{"line":4,"column":36}},"4":{"start":{"line":6,"column":19},"end":{"line":27,"column":2}},"5":{"start":{"line":29,"column":0},"end":{"line":32,"column":1}},"6":{"start":{"line":30,"column":18},"end":{"line":30,"column":97}},"7":{"start":{"line":31,"column":4},"end":{"line":31,"column":17}},"8":{"start":{"line":34,"column":13},"end":{"line":34,"column":47}},"9":{"start":{"line":37,"column":19},"end":{"line":41,"column":5}},"10":{"start":{"line":43,"column":4},"end":{"line":43,"column":38}},"11":{"start":{"line":46,"column":0},"end":{"line":49,"column":1}}},"fnMap":{"0":{"name":"(anonymous_0)","decl":{"start":{"line":29,"column":39},"end":{"line":29,"column":40}},"loc":{"start":{"line":29,"column":51},"end":{"line":32,"column":1}},"line":29},"1":{"name":"validateUser","decl":{"start":{"line":36,"column":9},"end":{"line":36,"column":21}},"loc":{"start":{"line":36,"column":28},"end":{"line":44,"column":1}},"line":36}},"branchMap":{},"s":{"0":4,"1":4,"2":4,"3":4,"4":4,"5":4,"6":22,"7":22,"8":4,"9":0,"10":0,"11":4},"f":{"0":22,"1":0},"b":{},"_coverageSchema":"1a1c01bbd47fc00a2c39e90264f33305004495a9","hash":"94e4474dd41bea9461e3ccd22f6a1501bd5fb2fc"}
,"C:\\Udemy\\Node-Complete-Guide\\vidly-api\\routes\\auth.js": {"path":"C:\\Udemy\\Node-Complete-Guide\\vidly-api\\routes\\auth.js","statementMap":{"0":{"start":{"line":1,"column":12},"end":{"line":1,"column":26}},"1":{"start":{"line":2,"column":15},"end":{"line":2,"column":32}},"2":{"start":{"line":3,"column":10},"end":{"line":3,"column":27}},"3":{"start":{"line":4,"column":17},"end":{"line":4,"column":43}},"4":{"start":{"line":5,"column":16},"end":{"line":5,"column":34}},"5":{"start":{"line":6,"column":15},"end":{"line":6,"column":31}},"6":{"start":{"line":8,"column":0},"end":{"line":20,"column":3}},"7":{"start":{"line":9,"column":22},"end":{"line":9,"column":40}},"8":{"start":{"line":10,"column":4},"end":{"line":10,"column":69}},"9":{"start":{"line":10,"column":15},"end":{"line":10,"column":69}},"10":{"start":{"line":12,"column":15},"end":{"line":12,"column":60}},"11":{"start":{"line":13,"column":4},"end":{"line":13,"column":72}},"12":{"start":{"line":13,"column":15},"end":{"line":13,"column":72}},"13":{"start":{"line":15,"column":26},"end":{"line":15,"column":80}},"14":{"start":{"line":16,"column":4},"end":{"line":16,"column":81}},"15":{"start":{"line":16,"column":24},"end":{"line":16,"column":81}},"16":{"start":{"line":18,"column":18},"end":{"line":18,"column":42}},"17":{"start":{"line":19,"column":4},"end":{"line":19,"column":20}},"18":{"start":{"line":23,"column":19},"end":{"line":26,"column":5}},"19":{"start":{"line":28,"column":4},"end":{"line":28,"column":37}},"20":{"start":{"line":31,"column":0},"end":{"line":31,"column":24}}},"fnMap":{"0":{"name":"(anonymous_0)","decl":{"start":{"line":8,"column":17},"end":{"line":8,"column":18}},"loc":{"start":{"line":8,"column":37},"end":{"line":20,"column":1}},"line":8},"1":{"name":"validate","decl":{"start":{"line":22,"column":9},"end":{"line":22,"column":17}},"loc":{"start":{"line":22,"column":23},"end":{"line":29,"column":1}},"line":22}},"branchMap":{"0":{"loc":{"start":{"line":10,"column":4},"end":{"line":10,"column":69}},"type":"if","locations":[{"start":{"line":10,"column":4},"end":{"line":10,"column":69}},{"start":{"line":10,"column":4},"end":{"line":10,"column":69}}],"line":10},"1":{"loc":{"start":{"line":13,"column":4},"end":{"line":13,"column":72}},"type":"if","locations":[{"start":{"line":13,"column":4},"end":{"line":13,"column":72}},{"start":{"line":13,"column":4},"end":{"line":13,"column":72}}],"line":13},"2":{"loc":{"start":{"line":16,"column":4},"end":{"line":16,"column":81}},"type":"if","locations":[{"start":{"line":16,"column":4},"end":{"line":16,"column":81}},{"start":{"line":16,"column":4},"end":{"line":16,"column":81}}],"line":16}},"s":{"0":2,"1":2,"2":2,"3":2,"4":2,"5":2,"6":2,"7":0,"8":0,"9":0,"10":0,"11":0,"12":0,"13":0,"14":0,"15":0,"16":0,"17":0,"18":0,"19":0,"20":2},"f":{"0":0,"1":0},"b":{"0":[0,0],"1":[0,0],"2":[0,0]},"_coverageSchema":"1a1c01bbd47fc00a2c39e90264f33305004495a9","hash":"555ff0861ba7d3b3facdadb45f37f1093b8e89f6"}
,"C:\\Udemy\\Node-Complete-Guide\\vidly-api\\routes\\customers.js": {"path":"C:\\Udemy\\Node-Complete-Guide\\vidly-api\\routes\\customers.js","statementMap":{"0":{"start":{"line":1,"column":13},"end":{"line":1,"column":42}},"1":{"start":{"line":2,"column":31},"end":{"line":2,"column":61}},"2":{"start":{"line":3,"column":16},"end":{"line":3,"column":34}},"3":{"start":{"line":4,"column":15},"end":{"line":4,"column":31}},"4":{"start":{"line":6,"column":0},"end":{"line":9,"column":3}},"5":{"start":{"line":7,"column":21},"end":{"line":7,"column":55}},"6":{"start":{"line":8,"column":4},"end":{"line":8,"column":23}},"7":{"start":{"line":11,"column":0},"end":{"line":19,"column":3}},"8":{"start":{"line":12,"column":22},"end":{"line":12,"column":40}},"9":{"start":{"line":13,"column":4},"end":{"line":13,"column":69}},"10":{"start":{"line":13,"column":15},"end":{"line":13,"column":69}},"11":{"start":{"line":14,"column":36},"end":{"line":14,"column":44}},"12":{"start":{"line":15,"column":21},"end":{"line":15,"column":58}},"13":{"start":{"line":16,"column":4},"end":{"line":16,"column":26}},"14":{"start":{"line":18,"column":4},"end":{"line":18,"column":23}},"15":{"start":{"line":21,"column":0},"end":{"line":27,"column":3}},"16":{"start":{"line":22,"column":22},"end":{"line":22,"column":40}},"17":{"start":{"line":23,"column":4},"end":{"line":23,"column":69}},"18":{"start":{"line":23,"column":15},"end":{"line":23,"column":69}},"19":{"start":{"line":24,"column":36},"end":{"line":24,"column":44}},"20":{"start":{"line":25,"column":21},"end":{"line":25,"column":108}},"21":{"start":{"line":26,"column":4},"end":{"line":26,"column":23}},"22":{"start":{"line":29,"column":0},"end":{"line":33,"column":3}},"23":{"start":{"line":30,"column":21},"end":{"line":30,"column":68}},"24":{"start":{"line":31,"column":4},"end":{"line":31,"column":91}},"25":{"start":{"line":31,"column":19},"end":{"line":31,"column":91}},"26":{"start":{"line":32,"column":4},"end":{"line":32,"column":23}},"27":{"start":{"line":35,"column":0},"end":{"line":39,"column":3}},"28":{"start":{"line":36,"column":21},"end":{"line":36,"column":59}},"29":{"start":{"line":37,"column":4},"end":{"line":37,"column":91}},"30":{"start":{"line":37,"column":19},"end":{"line":37,"column":91}},"31":{"start":{"line":38,"column":4},"end":{"line":38,"column":23}},"32":{"start":{"line":41,"column":0},"end":{"line":41,"column":24}}},"fnMap":{"0":{"name":"(anonymous_0)","decl":{"start":{"line":6,"column":16},"end":{"line":6,"column":17}},"loc":{"start":{"line":6,"column":36},"end":{"line":9,"column":1}},"line":6},"1":{"name":"(anonymous_1)","decl":{"start":{"line":11,"column":23},"end":{"line":11,"column":24}},"loc":{"start":{"line":11,"column":43},"end":{"line":19,"column":1}},"line":11},"2":{"name":"(anonymous_2)","decl":{"start":{"line":21,"column":25},"end":{"line":21,"column":26}},"loc":{"start":{"line":21,"column":45},"end":{"line":27,"column":1}},"line":21},"3":{"name":"(anonymous_3)","decl":{"start":{"line":29,"column":28},"end":{"line":29,"column":29}},"loc":{"start":{"line":29,"column":48},"end":{"line":33,"column":1}},"line":29},"4":{"name":"(anonymous_4)","decl":{"start":{"line":35,"column":19},"end":{"line":35,"column":20}},"loc":{"start":{"line":35,"column":39},"end":{"line":39,"column":1}},"line":35}},"branchMap":{"0":{"loc":{"start":{"line":13,"column":4},"end":{"line":13,"column":69}},"type":"if","locations":[{"start":{"line":13,"column":4},"end":{"line":13,"column":69}},{"start":{"line":13,"column":4},"end":{"line":13,"column":69}}],"line":13},"1":{"loc":{"start":{"line":23,"column":4},"end":{"line":23,"column":69}},"type":"if","locations":[{"start":{"line":23,"column":4},"end":{"line":23,"column":69}},{"start":{"line":23,"column":4},"end":{"line":23,"column":69}}],"line":23},"2":{"loc":{"start":{"line":31,"column":4},"end":{"line":31,"column":91}},"type":"if","locations":[{"start":{"line":31,"column":4},"end":{"line":31,"column":91}},{"start":{"line":31,"column":4},"end":{"line":31,"column":91}}],"line":31},"3":{"loc":{"start":{"line":37,"column":4},"end":{"line":37,"column":91}},"type":"if","locations":[{"start":{"line":37,"column":4},"end":{"line":37,"column":91}},{"start":{"line":37,"column":4},"end":{"line":37,"column":91}}],"line":37}},"s":{"0":2,"1":2,"2":2,"3":2,"4":2,"5":0,"6":0,"7":2,"8":0,"9":0,"10":0,"11":0,"12":0,"13":0,"14":0,"15":2,"16":0,"17":0,"18":0,"19":0,"20":0,"21":0,"22":2,"23":0,"24":0,"25":0,"26":0,"27":2,"28":0,"29":0,"30":0,"31":0,"32":2},"f":{"0":0,"1":0,"2":0,"3":0,"4":0},"b":{"0":[0,0],"1":[0,0],"2":[0,0],"3":[0,0]},"_coverageSchema":"1a1c01bbd47fc00a2c39e90264f33305004495a9","hash":"0132af69d42e47aab1217e9774c0e649ddeaa763"}
,"C:\\Udemy\\Node-Complete-Guide\\vidly-api\\routes\\genres.js": {"path":"C:\\Udemy\\Node-Complete-Guide\\vidly-api\\routes\\genres.js","statementMap":{"0":{"start":{"line":1,"column":25},"end":{"line":1,"column":66}},"1":{"start":{"line":2,"column":13},"end":{"line":2,"column":42}},"2":{"start":{"line":3,"column":14},"end":{"line":3,"column":44}},"3":{"start":{"line":4,"column":28},"end":{"line":4,"column":55}},"4":{"start":{"line":5,"column":16},"end":{"line":5,"column":34}},"5":{"start":{"line":6,"column":21},"end":{"line":6,"column":40}},"6":{"start":{"line":7,"column":15},"end":{"line":7,"column":31}},"7":{"start":{"line":9,"column":0},"end":{"line":12,"column":3}},"8":{"start":{"line":10,"column":19},"end":{"line":10,"column":50}},"9":{"start":{"line":11,"column":4},"end":{"line":11,"column":21}},"10":{"start":{"line":14,"column":0},"end":{"line":21,"column":3}},"11":{"start":{"line":15,"column":22},"end":{"line":15,"column":40}},"12":{"start":{"line":16,"column":4},"end":{"line":16,"column":69}},"13":{"start":{"line":16,"column":15},"end":{"line":16,"column":69}},"14":{"start":{"line":18,"column":18},"end":{"line":18,"column":52}},"15":{"start":{"line":19,"column":4},"end":{"line":19,"column":23}},"16":{"start":{"line":20,"column":4},"end":{"line":20,"column":20}},"17":{"start":{"line":23,"column":0},"end":{"line":30,"column":3}},"18":{"start":{"line":24,"column":22},"end":{"line":24,"column":40}},"19":{"start":{"line":25,"column":4},"end":{"line":25,"column":69}},"20":{"start":{"line":25,"column":15},"end":{"line":25,"column":69}},"21":{"start":{"line":26,"column":18},"end":{"line":26,"column":102}},"22":{"start":{"line":27,"column":4},"end":{"line":27,"column":85}},"23":{"start":{"line":27,"column":16},"end":{"line":27,"column":85}},"24":{"start":{"line":29,"column":4},"end":{"line":29,"column":20}},"25":{"start":{"line":32,"column":0},"end":{"line":37,"column":3}},"26":{"start":{"line":33,"column":18},"end":{"line":33,"column":62}},"27":{"start":{"line":34,"column":4},"end":{"line":34,"column":85}},"28":{"start":{"line":34,"column":16},"end":{"line":34,"column":85}},"29":{"start":{"line":36,"column":4},"end":{"line":36,"column":20}},"30":{"start":{"line":39,"column":0},"end":{"line":43,"column":3}},"31":{"start":{"line":40,"column":18},"end":{"line":40,"column":53}},"32":{"start":{"line":41,"column":4},"end":{"line":41,"column":85}},"33":{"start":{"line":41,"column":16},"end":{"line":41,"column":85}},"34":{"start":{"line":42,"column":4},"end":{"line":42,"column":20}},"35":{"start":{"line":45,"column":0},"end":{"line":45,"column":24}}},"fnMap":{"0":{"name":"(anonymous_0)","decl":{"start":{"line":9,"column":16},"end":{"line":9,"column":17}},"loc":{"start":{"line":9,"column":42},"end":{"line":12,"column":1}},"line":9},"1":{"name":"(anonymous_1)","decl":{"start":{"line":14,"column":23},"end":{"line":14,"column":24}},"loc":{"start":{"line":14,"column":43},"end":{"line":21,"column":1}},"line":14},"2":{"name":"(anonymous_2)","decl":{"start":{"line":23,"column":25},"end":{"line":23,"column":26}},"loc":{"start":{"line":23,"column":45},"end":{"line":30,"column":1}},"line":23},"3":{"name":"(anonymous_3)","decl":{"start":{"line":32,"column":37},"end":{"line":32,"column":38}},"loc":{"start":{"line":32,"column":57},"end":{"line":37,"column":1}},"line":32},"4":{"name":"(anonymous_4)","decl":{"start":{"line":39,"column":37},"end":{"line":39,"column":38}},"loc":{"start":{"line":39,"column":57},"end":{"line":43,"column":1}},"line":39}},"branchMap":{"0":{"loc":{"start":{"line":16,"column":4},"end":{"line":16,"column":69}},"type":"if","locations":[{"start":{"line":16,"column":4},"end":{"line":16,"column":69}},{"start":{"line":16,"column":4},"end":{"line":16,"column":69}}],"line":16},"1":{"loc":{"start":{"line":25,"column":4},"end":{"line":25,"column":69}},"type":"if","locations":[{"start":{"line":25,"column":4},"end":{"line":25,"column":69}},{"start":{"line":25,"column":4},"end":{"line":25,"column":69}}],"line":25},"2":{"loc":{"start":{"line":27,"column":4},"end":{"line":27,"column":85}},"type":"if","locations":[{"start":{"line":27,"column":4},"end":{"line":27,"column":85}},{"start":{"line":27,"column":4},"end":{"line":27,"column":85}}],"line":27},"3":{"loc":{"start":{"line":34,"column":4},"end":{"line":34,"column":85}},"type":"if","locations":[{"start":{"line":34,"column":4},"end":{"line":34,"column":85}},{"start":{"line":34,"column":4},"end":{"line":34,"column":85}}],"line":34},"4":{"loc":{"start":{"line":41,"column":4},"end":{"line":41,"column":85}},"type":"if","locations":[{"start":{"line":41,"column":4},"end":{"line":41,"column":85}},{"start":{"line":41,"column":4},"end":{"line":41,"column":85}}],"line":41}},"s":{"0":2,"1":2,"2":2,"3":2,"4":2,"5":2,"6":2,"7":2,"8":1,"9":1,"10":2,"11":5,"12":5,"13":2,"14":3,"15":3,"16":3,"17":2,"18":5,"19":5,"20":2,"21":3,"22":3,"23":1,"24":2,"25":2,"26":3,"27":3,"28":1,"29":2,"30":2,"31":2,"32":2,"33":1,"34":1,"35":2},"f":{"0":1,"1":5,"2":5,"3":3,"4":2},"b":{"0":[2,3],"1":[2,3],"2":[1,2],"3":[1,2],"4":[1,1]},"_coverageSchema":"1a1c01bbd47fc00a2c39e90264f33305004495a9","hash":"c232134822164099a88b519f4ec01b761d4bca72"}
,"C:\\Udemy\\Node-Complete-Guide\\vidly-api\\routes\\home.js": {"path":"C:\\Udemy\\Node-Complete-Guide\\vidly-api\\routes\\home.js","statementMap":{"0":{"start":{"line":1,"column":16},"end":{"line":1,"column":34}},"1":{"start":{"line":2,"column":15},"end":{"line":2,"column":31}},"2":{"start":{"line":4,"column":0},"end":{"line":6,"column":3}},"3":{"start":{"line":5,"column":4},"end":{"line":5,"column":22}},"4":{"start":{"line":8,"column":0},"end":{"line":8,"column":24}}},"fnMap":{"0":{"name":"(anonymous_0)","decl":{"start":{"line":4,"column":16},"end":{"line":4,"column":17}},"loc":{"start":{"line":4,"column":30},"end":{"line":6,"column":1}},"line":4}},"branchMap":{},"s":{"0":2,"1":2,"2":2,"3":0,"4":2},"f":{"0":0},"b":{},"_coverageSchema":"1a1c01bbd47fc00a2c39e90264f33305004495a9","hash":"e65734460b13ee311f5f439098cc7b0cc041fc87"}
,"C:\\Udemy\\Node-Complete-Guide\\vidly-api\\routes\\movies.js": {"path":"C:\\Udemy\\Node-Complete-Guide\\vidly-api\\routes\\movies.js","statementMap":{"0":{"start":{"line":1,"column":13},"end":{"line":1,"column":42}},"1":{"start":{"line":2,"column":28},"end":{"line":2,"column":55}},"2":{"start":{"line":3,"column":16},"end":{"line":3,"column":34}},"3":{"start":{"line":4,"column":18},"end":{"line":4,"column":45}},"4":{"start":{"line":5,"column":15},"end":{"line":5,"column":31}},"5":{"start":{"line":7,"column":0},"end":{"line":10,"column":3}},"6":{"start":{"line":8,"column":19},"end":{"line":8,"column":51}},"7":{"start":{"line":9,"column":4},"end":{"line":9,"column":21}},"8":{"start":{"line":12,"column":0},"end":{"line":31,"column":3}},"9":{"start":{"line":13,"column":22},"end":{"line":13,"column":40}},"10":{"start":{"line":14,"column":4},"end":{"line":14,"column":69}},"11":{"start":{"line":14,"column":15},"end":{"line":14,"column":69}},"12":{"start":{"line":16,"column":18},"end":{"line":16,"column":56}},"13":{"start":{"line":17,"column":4},"end":{"line":17,"column":61}},"14":{"start":{"line":17,"column":16},"end":{"line":17,"column":61}},"15":{"start":{"line":19,"column":18},"end":{"line":28,"column":6}},"16":{"start":{"line":29,"column":4},"end":{"line":29,"column":23}},"17":{"start":{"line":30,"column":4},"end":{"line":30,"column":20}},"18":{"start":{"line":33,"column":0},"end":{"line":54,"column":3}},"19":{"start":{"line":34,"column":22},"end":{"line":34,"column":40}},"20":{"start":{"line":35,"column":4},"end":{"line":35,"column":69}},"21":{"start":{"line":35,"column":15},"end":{"line":35,"column":69}},"22":{"start":{"line":37,"column":18},"end":{"line":37,"column":56}},"23":{"start":{"line":38,"column":4},"end":{"line":38,"column":61}},"24":{"start":{"line":38,"column":16},"end":{"line":38,"column":61}},"25":{"start":{"line":40,"column":54},"end":{"line":40,"column":62}},"26":{"start":{"line":41,"column":18},"end":{"line":50,"column":25}},"27":{"start":{"line":51,"column":4},"end":{"line":51,"column":85}},"28":{"start":{"line":51,"column":16},"end":{"line":51,"column":85}},"29":{"start":{"line":53,"column":4},"end":{"line":53,"column":20}},"30":{"start":{"line":56,"column":0},"end":{"line":61,"column":3}},"31":{"start":{"line":57,"column":18},"end":{"line":57,"column":62}},"32":{"start":{"line":58,"column":4},"end":{"line":58,"column":85}},"33":{"start":{"line":58,"column":16},"end":{"line":58,"column":85}},"34":{"start":{"line":60,"column":4},"end":{"line":60,"column":20}},"35":{"start":{"line":63,"column":0},"end":{"line":67,"column":3}},"36":{"start":{"line":64,"column":18},"end":{"line":64,"column":53}},"37":{"start":{"line":65,"column":4},"end":{"line":65,"column":85}},"38":{"start":{"line":65,"column":16},"end":{"line":65,"column":85}},"39":{"start":{"line":66,"column":4},"end":{"line":66,"column":20}},"40":{"start":{"line":69,"column":0},"end":{"line":69,"column":24}}},"fnMap":{"0":{"name":"(anonymous_0)","decl":{"start":{"line":7,"column":16},"end":{"line":7,"column":17}},"loc":{"start":{"line":7,"column":36},"end":{"line":10,"column":1}},"line":7},"1":{"name":"(anonymous_1)","decl":{"start":{"line":12,"column":23},"end":{"line":12,"column":24}},"loc":{"start":{"line":12,"column":43},"end":{"line":31,"column":1}},"line":12},"2":{"name":"(anonymous_2)","decl":{"start":{"line":33,"column":25},"end":{"line":33,"column":26}},"loc":{"start":{"line":33,"column":45},"end":{"line":54,"column":1}},"line":33},"3":{"name":"(anonymous_3)","decl":{"start":{"line":56,"column":28},"end":{"line":56,"column":29}},"loc":{"start":{"line":56,"column":48},"end":{"line":61,"column":1}},"line":56},"4":{"name":"(anonymous_4)","decl":{"start":{"line":63,"column":19},"end":{"line":63,"column":20}},"loc":{"start":{"line":63,"column":39},"end":{"line":67,"column":1}},"line":63}},"branchMap":{"0":{"loc":{"start":{"line":14,"column":4},"end":{"line":14,"column":69}},"type":"if","locations":[{"start":{"line":14,"column":4},"end":{"line":14,"column":69}},{"start":{"line":14,"column":4},"end":{"line":14,"column":69}}],"line":14},"1":{"loc":{"start":{"line":17,"column":4},"end":{"line":17,"column":61}},"type":"if","locations":[{"start":{"line":17,"column":4},"end":{"line":17,"column":61}},{"start":{"line":17,"column":4},"end":{"line":17,"column":61}}],"line":17},"2":{"loc":{"start":{"line":35,"column":4},"end":{"line":35,"column":69}},"type":"if","locations":[{"start":{"line":35,"column":4},"end":{"line":35,"column":69}},{"start":{"line":35,"column":4},"end":{"line":35,"column":69}}],"line":35},"3":{"loc":{"start":{"line":38,"column":4},"end":{"line":38,"column":61}},"type":"if","locations":[{"start":{"line":38,"column":4},"end":{"line":38,"column":61}},{"start":{"line":38,"column":4},"end":{"line":38,"column":61}}],"line":38},"4":{"loc":{"start":{"line":51,"column":4},"end":{"line":51,"column":85}},"type":"if","locations":[{"start":{"line":51,"column":4},"end":{"line":51,"column":85}},{"start":{"line":51,"column":4},"end":{"line":51,"column":85}}],"line":51},"5":{"loc":{"start":{"line":58,"column":4},"end":{"line":58,"column":85}},"type":"if","locations":[{"start":{"line":58,"column":4},"end":{"line":58,"column":85}},{"start":{"line":58,"column":4},"end":{"line":58,"column":85}}],"line":58},"6":{"loc":{"start":{"line":65,"column":4},"end":{"line":65,"column":85}},"type":"if","locations":[{"start":{"line":65,"column":4},"end":{"line":65,"column":85}},{"start":{"line":65,"column":4},"end":{"line":65,"column":85}}],"line":65}},"s":{"0":2,"1":2,"2":2,"3":2,"4":2,"5":2,"6":0,"7":0,"8":2,"9":0,"10":0,"11":0,"12":0,"13":0,"14":0,"15":0,"16":0,"17":0,"18":2,"19":0,"20":0,"21":0,"22":0,"23":0,"24":0,"25":0,"26":0,"27":0,"28":0,"29":0,"30":2,"31":0,"32":0,"33":0,"34":0,"35":2,"36":0,"37":0,"38":0,"39":0,"40":2},"f":{"0":0,"1":0,"2":0,"3":0,"4":0},"b":{"0":[0,0],"1":[0,0],"2":[0,0],"3":[0,0],"4":[0,0],"5":[0,0],"6":[0,0]},"_coverageSchema":"1a1c01bbd47fc00a2c39e90264f33305004495a9","hash":"f3f10cda311088983ac67b7ae241dcc16d3c5695"}
,"C:\\Udemy\\Node-Complete-Guide\\vidly-api\\routes\\rental.js": {"path":"C:\\Udemy\\Node-Complete-Guide\\vidly-api\\routes\\rental.js","statementMap":{"0":{"start":{"line":1,"column":29},"end":{"line":1,"column":56}},"1":{"start":{"line":2,"column":18},"end":{"line":2,"column":45}},"2":{"start":{"line":3,"column":21},"end":{"line":3,"column":51}},"3":{"start":{"line":4,"column":17},"end":{"line":4,"column":36}},"4":{"start":{"line":5,"column":13},"end":{"line":5,"column":28}},"5":{"start":{"line":6,"column":16},"end":{"line":6,"column":34}},"6":{"start":{"line":7,"column":15},"end":{"line":7,"column":31}},"7":{"start":{"line":9,"column":0},"end":{"line":9,"column":20}},"8":{"start":{"line":11,"column":0},"end":{"line":14,"column":3}},"9":{"start":{"line":12,"column":20},"end":{"line":12,"column":56}},"10":{"start":{"line":13,"column":4},"end":{"line":13,"column":22}},"11":{"start":{"line":16,"column":0},"end":{"line":54,"column":3}},"12":{"start":{"line":17,"column":22},"end":{"line":17,"column":40}},"13":{"start":{"line":18,"column":4},"end":{"line":18,"column":69}},"14":{"start":{"line":18,"column":15},"end":{"line":18,"column":69}},"15":{"start":{"line":20,"column":21},"end":{"line":20,"column":65}},"16":{"start":{"line":21,"column":4},"end":{"line":21,"column":67}},"17":{"start":{"line":21,"column":19},"end":{"line":21,"column":67}},"18":{"start":{"line":23,"column":18},"end":{"line":23,"column":56}},"19":{"start":{"line":24,"column":4},"end":{"line":24,"column":61}},"20":{"start":{"line":24,"column":16},"end":{"line":24,"column":61}},"21":{"start":{"line":26,"column":4},"end":{"line":26,"column":88}},"22":{"start":{"line":26,"column":35},"end":{"line":26,"column":88}},"23":{"start":{"line":28,"column":19},"end":{"line":39,"column":6}},"24":{"start":{"line":40,"column":4},"end":{"line":51,"column":5}},"25":{"start":{"line":41,"column":8},"end":{"line":46,"column":19}},"26":{"start":{"line":48,"column":8},"end":{"line":48,"column":25}},"27":{"start":{"line":50,"column":8},"end":{"line":50,"column":47}},"28":{"start":{"line":53,"column":4},"end":{"line":53,"column":21}},"29":{"start":{"line":56,"column":0},"end":{"line":65,"column":3}},"30":{"start":{"line":57,"column":22},"end":{"line":57,"column":40}},"31":{"start":{"line":58,"column":4},"end":{"line":58,"column":69}},"32":{"start":{"line":58,"column":15},"end":{"line":58,"column":69}},"33":{"start":{"line":59,"column":29},"end":{"line":59,"column":37}},"34":{"start":{"line":60,"column":19},"end":{"line":62,"column":22}},"35":{"start":{"line":63,"column":4},"end":{"line":63,"column":24}},"36":{"start":{"line":64,"column":4},"end":{"line":64,"column":21}},"37":{"start":{"line":67,"column":0},"end":{"line":67,"column":24}}},"fnMap":{"0":{"name":"(anonymous_0)","decl":{"start":{"line":11,"column":16},"end":{"line":11,"column":17}},"loc":{"start":{"line":11,"column":36},"end":{"line":14,"column":1}},"line":11},"1":{"name":"(anonymous_1)","decl":{"start":{"line":16,"column":17},"end":{"line":16,"column":18}},"loc":{"start":{"line":16,"column":37},"end":{"line":54,"column":1}},"line":16},"2":{"name":"(anonymous_2)","decl":{"start":{"line":56,"column":19},"end":{"line":56,"column":20}},"loc":{"start":{"line":56,"column":39},"end":{"line":65,"column":1}},"line":56}},"branchMap":{"0":{"loc":{"start":{"line":18,"column":4},"end":{"line":18,"column":69}},"type":"if","locations":[{"start":{"line":18,"column":4},"end":{"line":18,"column":69}},{"start":{"line":18,"column":4},"end":{"line":18,"column":69}}],"line":18},"1":{"loc":{"start":{"line":21,"column":4},"end":{"line":21,"column":67}},"type":"if","locations":[{"start":{"line":21,"column":4},"end":{"line":21,"column":67}},{"start":{"line":21,"column":4},"end":{"line":21,"column":67}}],"line":21},"2":{"loc":{"start":{"line":24,"column":4},"end":{"line":24,"column":61}},"type":"if","locations":[{"start":{"line":24,"column":4},"end":{"line":24,"column":61}},{"start":{"line":24,"column":4},"end":{"line":24,"column":61}}],"line":24},"3":{"loc":{"start":{"line":26,"column":4},"end":{"line":26,"column":88}},"type":"if","locations":[{"start":{"line":26,"column":4},"end":{"line":26,"column":88}},{"start":{"line":26,"column":4},"end":{"line":26,"column":88}}],"line":26},"4":{"loc":{"start":{"line":58,"column":4},"end":{"line":58,"column":69}},"type":"if","locations":[{"start":{"line":58,"column":4},"end":{"line":58,"column":69}},{"start":{"line":58,"column":4},"end":{"line":58,"column":69}}],"line":58}},"s":{"0":2,"1":2,"2":2,"3":2,"4":2,"5":2,"6":2,"7":2,"8":2,"9":0,"10":0,"11":2,"12":0,"13":0,"14":0,"15":0,"16":0,"17":0,"18":0,"19":0,"20":0,"21":0,"22":0,"23":0,"24":0,"25":0,"26":0,"27":0,"28":0,"29":2,"30":0,"31":0,"32":0,"33":0,"34":0,"35":0,"36":0,"37":2},"f":{"0":0,"1":0,"2":0},"b":{"0":[0,0],"1":[0,0],"2":[0,0],"3":[0,0],"4":[0,0]},"_coverageSchema":"1a1c01bbd47fc00a2c39e90264f33305004495a9","hash":"d63357fb448c41eda7b0b66525b3f4946c65bf45"}
,"C:\\Udemy\\Node-Complete-Guide\\vidly-api\\routes\\users.js": {"path":"C:\\Udemy\\Node-Complete-Guide\\vidly-api\\routes\\users.js","statementMap":{"0":{"start":{"line":1,"column":13},"end":{"line":1,"column":42}},"1":{"start":{"line":2,"column":15},"end":{"line":2,"column":32}},"2":{"start":{"line":3,"column":10},"end":{"line":3,"column":27}},"3":{"start":{"line":4,"column":27},"end":{"line":4,"column":53}},"4":{"start":{"line":5,"column":16},"end":{"line":5,"column":34}},"5":{"start":{"line":6,"column":15},"end":{"line":6,"column":31}},"6":{"start":{"line":8,"column":0},"end":{"line":11,"column":3}},"7":{"start":{"line":9,"column":17},"end":{"line":9,"column":70}},"8":{"start":{"line":10,"column":4},"end":{"line":10,"column":19}},"9":{"start":{"line":13,"column":0},"end":{"line":27,"column":3}},"10":{"start":{"line":14,"column":22},"end":{"line":14,"column":40}},"11":{"start":{"line":15,"column":4},"end":{"line":15,"column":69}},"12":{"start":{"line":15,"column":15},"end":{"line":15,"column":69}},"13":{"start":{"line":17,"column":15},"end":{"line":17,"column":60}},"14":{"start":{"line":18,"column":4},"end":{"line":18,"column":68}},"15":{"start":{"line":18,"column":14},"end":{"line":18,"column":68}},"16":{"start":{"line":20,"column":4},"end":{"line":20,"column":69}},"17":{"start":{"line":21,"column":17},"end":{"line":21,"column":41}},"18":{"start":{"line":22,"column":4},"end":{"line":22,"column":59}},"19":{"start":{"line":23,"column":4},"end":{"line":23,"column":22}},"20":{"start":{"line":25,"column":18},"end":{"line":25,"column":42}},"21":{"start":{"line":26,"column":4},"end":{"line":26,"column":83}},"22":{"start":{"line":29,"column":0},"end":{"line":29,"column":24}}},"fnMap":{"0":{"name":"(anonymous_0)","decl":{"start":{"line":8,"column":24},"end":{"line":8,"column":25}},"loc":{"start":{"line":8,"column":44},"end":{"line":11,"column":1}},"line":8},"1":{"name":"(anonymous_1)","decl":{"start":{"line":13,"column":17},"end":{"line":13,"column":18}},"loc":{"start":{"line":13,"column":37},"end":{"line":27,"column":1}},"line":13}},"branchMap":{"0":{"loc":{"start":{"line":15,"column":4},"end":{"line":15,"column":69}},"type":"if","locations":[{"start":{"line":15,"column":4},"end":{"line":15,"column":69}},{"start":{"line":15,"column":4},"end":{"line":15,"column":69}}],"line":15},"1":{"loc":{"start":{"line":18,"column":4},"end":{"line":18,"column":68}},"type":"if","locations":[{"start":{"line":18,"column":4},"end":{"line":18,"column":68}},{"start":{"line":18,"column":4},"end":{"line":18,"column":68}}],"line":18}},"s":{"0":2,"1":2,"2":2,"3":2,"4":2,"5":2,"6":2,"7":0,"8":0,"9":2,"10":0,"11":0,"12":0,"13":0,"14":0,"15":0,"16":0,"17":0,"18":0,"19":0,"20":0,"21":0,"22":2},"f":{"0":0,"1":0},"b":{"0":[0,0],"1":[0,0]},"_coverageSchema":"1a1c01bbd47fc00a2c39e90264f33305004495a9","hash":"741431d51d70eff6531fa0e3c50e6bcbb18b967c"}
,"C:\\Udemy\\Node-Complete-Guide\\vidly-api\\startup\\config.js": {"path":"C:\\Udemy\\Node-Complete-Guide\\vidly-api\\startup\\config.js","statementMap":{"0":{"start":{"line":1,"column":15},"end":{"line":1,"column":32}},"1":{"start":{"line":3,"column":0},"end":{"line":7,"column":1}},"2":{"start":{"line":4,"column":4},"end":{"line":6,"column":5}},"3":{"start":{"line":5,"column":8},"end":{"line":5,"column":69}}},"fnMap":{"0":{"name":"(anonymous_0)","decl":{"start":{"line":3,"column":17},"end":{"line":3,"column":18}},"loc":{"start":{"line":3,"column":29},"end":{"line":7,"column":1}},"line":3}},"branchMap":{"0":{"loc":{"start":{"line":4,"column":4},"end":{"line":6,"column":5}},"type":"if","locations":[{"start":{"line":4,"column":4},"end":{"line":6,"column":5}},{"start":{"line":4,"column":4},"end":{"line":6,"column":5}}],"line":4}},"s":{"0":2,"1":2,"2":2,"3":0},"f":{"0":2},"b":{"0":[0,2]},"_coverageSchema":"1a1c01bbd47fc00a2c39e90264f33305004495a9","hash":"0178e99ddef9926b6ac023fbe65a7ce4f9a882e9"}
,"C:\\Udemy\\Node-Complete-Guide\\vidly-api\\startup\\db.js": {"path":"C:\\Udemy\\Node-Complete-Guide\\vidly-api\\startup\\db.js","statementMap":{"0":{"start":{"line":1,"column":16},"end":{"line":1,"column":34}},"1":{"start":{"line":2,"column":17},"end":{"line":2,"column":36}},"2":{"start":{"line":3,"column":15},"end":{"line":3,"column":32}},"3":{"start":{"line":5,"column":0},"end":{"line":14,"column":1}},"4":{"start":{"line":6,"column":15},"end":{"line":6,"column":31}},"5":{"start":{"line":7,"column":4},"end":{"line":13,"column":56}},"6":{"start":{"line":13,"column":20},"end":{"line":13,"column":54}}},"fnMap":{"0":{"name":"(anonymous_0)","decl":{"start":{"line":5,"column":17},"end":{"line":5,"column":18}},"loc":{"start":{"line":5,"column":29},"end":{"line":14,"column":1}},"line":5},"1":{"name":"(anonymous_1)","decl":{"start":{"line":13,"column":14},"end":{"line":13,"column":15}},"loc":{"start":{"line":13,"column":20},"end":{"line":13,"column":54}},"line":13}},"branchMap":{},"s":{"0":2,"1":2,"2":2,"3":2,"4":2,"5":2,"6":2},"f":{"0":2,"1":2},"b":{},"_coverageSchema":"1a1c01bbd47fc00a2c39e90264f33305004495a9","hash":"dd73107ff9c5bdf795d00fe847450e0b1ca0452b"}
,"C:\\Udemy\\Node-Complete-Guide\\vidly-api\\startup\\logging.js": {"path":"C:\\Udemy\\Node-Complete-Guide\\vidly-api\\startup\\logging.js","statementMap":{"0":{"start":{"line":1,"column":16},"end":{"line":1,"column":34}},"1":{"start":{"line":3,"column":0},"end":{"line":3,"column":32}},"2":{"start":{"line":5,"column":0},"end":{"line":23,"column":1}},"3":{"start":{"line":6,"column":4},"end":{"line":12,"column":16}},"4":{"start":{"line":14,"column":4},"end":{"line":16,"column":7}},"5":{"start":{"line":15,"column":8},"end":{"line":15,"column":17}},"6":{"start":{"line":18,"column":4},"end":{"line":18,"column":74}}},"fnMap":{"0":{"name":"(anonymous_0)","decl":{"start":{"line":5,"column":17},"end":{"line":5,"column":18}},"loc":{"start":{"line":5,"column":29},"end":{"line":23,"column":1}},"line":5},"1":{"name":"(anonymous_1)","decl":{"start":{"line":14,"column":37},"end":{"line":14,"column":38}},"loc":{"start":{"line":14,"column":45},"end":{"line":16,"column":5}},"line":14}},"branchMap":{},"s":{"0":2,"1":2,"2":2,"3":2,"4":2,"5":0,"6":2},"f":{"0":2,"1":0},"b":{},"_coverageSchema":"1a1c01bbd47fc00a2c39e90264f33305004495a9","hash":"511cd05e8c178d595e3f019e5929a19139d56fbd"}
,"C:\\Udemy\\Node-Complete-Guide\\vidly-api\\startup\\routes.js": {"path":"C:\\Udemy\\Node-Complete-Guide\\vidly-api\\startup\\routes.js","statementMap":{"0":{"start":{"line":1,"column":16},"end":{"line":1,"column":34}},"1":{"start":{"line":2,"column":14},"end":{"line":2,"column":44}},"2":{"start":{"line":3,"column":13},"end":{"line":3,"column":38}},"3":{"start":{"line":4,"column":13},"end":{"line":4,"column":38}},"4":{"start":{"line":5,"column":14},"end":{"line":5,"column":40}},"5":{"start":{"line":6,"column":15},"end":{"line":6,"column":42}},"6":{"start":{"line":7,"column":15},"end":{"line":7,"column":42}},"7":{"start":{"line":8,"column":18},"end":{"line":8,"column":48}},"8":{"start":{"line":9,"column":16},"end":{"line":9,"column":43}},"9":{"start":{"line":11,"column":0},"end":{"line":20,"column":1}},"10":{"start":{"line":12,"column":4},"end":{"line":12,"column":23}},"11":{"start":{"line":13,"column":4},"end":{"line":13,"column":31}},"12":{"start":{"line":14,"column":4},"end":{"line":14,"column":33}},"13":{"start":{"line":15,"column":4},"end":{"line":15,"column":35}},"14":{"start":{"line":16,"column":4},"end":{"line":16,"column":35}},"15":{"start":{"line":17,"column":4},"end":{"line":17,"column":41}},"16":{"start":{"line":18,"column":4},"end":{"line":18,"column":36}},"17":{"start":{"line":19,"column":4},"end":{"line":19,"column":19}}},"fnMap":{"0":{"name":"(anonymous_0)","decl":{"start":{"line":11,"column":17},"end":{"line":11,"column":18}},"loc":{"start":{"line":11,"column":32},"end":{"line":20,"column":1}},"line":11}},"branchMap":{},"s":{"0":2,"1":2,"2":2,"3":2,"4":2,"5":2,"6":2,"7":2,"8":2,"9":2,"10":2,"11":2,"12":2,"13":2,"14":2,"15":2,"16":2,"17":2},"f":{"0":2},"b":{},"_coverageSchema":"1a1c01bbd47fc00a2c39e90264f33305004495a9","hash":"3881a2bbd6299e75c6df566ba3ffafa18ad8cd18"}
,"C:\\Udemy\\Node-Complete-Guide\\vidly-api\\startup\\validation.js": {"path":"C:\\Udemy\\Node-Complete-Guide\\vidly-api\\startup\\validation.js","statementMap":{"0":{"start":{"line":1,"column":12},"end":{"line":1,"column":26}},"1":{"start":{"line":3,"column":0},"end":{"line":5,"column":1}},"2":{"start":{"line":4,"column":4},"end":{"line":4,"column":48}}},"fnMap":{"0":{"name":"(anonymous_0)","decl":{"start":{"line":3,"column":17},"end":{"line":3,"column":18}},"loc":{"start":{"line":3,"column":29},"end":{"line":5,"column":1}},"line":3}},"branchMap":{},"s":{"0":2,"1":2,"2":2},"f":{"0":2},"b":{},"_coverageSchema":"1a1c01bbd47fc00a2c39e90264f33305004495a9","hash":"16cade94d175a85703c1c223b98afc3e36fc7473"}
}
