{"C:\\Udemy\\Node-Complete-Guide\\vidly-api\\index.js": {"path":"C:\\Udemy\\Node-Complete-Guide\\vidly-api\\index.js","statementMap":{"0":{"start":{"line":1,"column":16},"end":{"line":1,"column":34}},"1":{"start":{"line":2,"column":15},"end":{"line":2,"column":32}},"2":{"start":{"line":3,"column":15},"end":{"line":3,"column":32}},"3":{"start":{"line":4,"column":16},"end":{"line":4,"column":34}},"4":{"start":{"line":5,"column":12},"end":{"line":5,"column":21}},"5":{"start":{"line":7,"column":13},"end":{"line":7,"column":37}},"6":{"start":{"line":9,"column":0},"end":{"line":9,"column":24}},"7":{"start":{"line":10,"column":0},"end":{"line":10,"column":48}},"8":{"start":{"line":11,"column":0},"end":{"line":11,"column":34}},"9":{"start":{"line":12,"column":0},"end":{"line":12,"column":18}},"10":{"start":{"line":13,"column":0},"end":{"line":13,"column":24}},"11":{"start":{"line":15,"column":0},"end":{"line":15,"column":31}},"12":{"start":{"line":16,"column":0},"end":{"line":16,"column":33}},"13":{"start":{"line":17,"column":0},"end":{"line":17,"column":26}},"14":{"start":{"line":18,"column":0},"end":{"line":18,"column":30}},"15":{"start":{"line":19,"column":0},"end":{"line":19,"column":34}},"16":{"start":{"line":21,"column":15},"end":{"line":21,"column":80}},"17":{"start":{"line":21,"column":38},"end":{"line":21,"column":79}},"18":{"start":{"line":23,"column":0},"end":{"line":23,"column":24}}},"fnMap":{"0":{"name":"(anonymous_0)","decl":{"start":{"line":21,"column":32},"end":{"line":21,"column":33}},"loc":{"start":{"line":21,"column":38},"end":{"line":21,"column":79}},"line":21}},"branchMap":{"0":{"loc":{"start":{"line":7,"column":13},"end":{"line":7,"column":37}},"type":"binary-expr","locations":[{"start":{"line":7,"column":13},"end":{"line":7,"column":29}},{"start":{"line":7,"column":33},"end":{"line":7,"column":37}}],"line":7}},"s":{"0":6,"1":6,"2":6,"3":6,"4":6,"5":6,"6":6,"7":6,"8":6,"9":6,"10":6,"11":6,"12":6,"13":6,"14":6,"15":6,"16":6,"17":6,"18":6},"f":{"0":6},"b":{"0":[6,6]},"_coverageSchema":"1a1c01bbd47fc00a2c39e90264f33305004495a9","hash":"811d1cbda0b717908634b9fa21312fe43f56043b"}
,"C:\\Udemy\\Node-Complete-Guide\\vidly-api\\middleware\\validate.js": {"path":"C:\\Udemy\\Node-Complete-Guide\\vidly-api\\middleware\\validate.js","statementMap":{"0":{"start":{"line":1,"column":0},"end":{"line":7,"column":1}},"1":{"start":{"line":2,"column":4},"end":{"line":6,"column":5}},"2":{"start":{"line":3,"column":26},"end":{"line":3,"column":45}},"3":{"start":{"line":4,"column":8},"end":{"line":4,"column":73}},"4":{"start":{"line":4,"column":19},"end":{"line":4,"column":73}},"5":{"start":{"line":5,"column":8},"end":{"line":5,"column":15}}},"fnMap":{"0":{"name":"(anonymous_0)","decl":{"start":{"line":1,"column":17},"end":{"line":1,"column":18}},"loc":{"start":{"line":1,"column":32},"end":{"line":7,"column":1}},"line":1},"1":{"name":"(anonymous_1)","decl":{"start":{"line":2,"column":11},"end":{"line":2,"column":12}},"loc":{"start":{"line":2,"column":31},"end":{"line":6,"column":5}},"line":2}},"branchMap":{"0":{"loc":{"start":{"line":4,"column":8},"end":{"line":4,"column":73}},"type":"if","locations":[{"start":{"line":4,"column":8},"end":{"line":4,"column":73}},{"start":{"line":4,"column":8},"end":{"line":4,"column":73}}],"line":4}},"s":{"0":6,"1":6,"2":9,"3":9,"4":2,"5":7},"f":{"0":6,"1":9},"b":{"0":[2,7]},"_coverageSchema":"1a1c01bbd47fc00a2c39e90264f33305004495a9","hash":"b7f7d636cda8f609d948f5990fdd88bb50539a79"}
,"C:\\Udemy\\Node-Complete-Guide\\vidly-api\\models\\customers.js": {"path":"C:\\Udemy\\Node-Complete-Guide\\vidly-api\\models\\customers.js","statementMap":{"0":{"start":{"line":1,"column":12},"end":{"line":1,"column":26}},"1":{"start":{"line":2,"column":17},"end":{"line":2,"column":36}},"2":{"start":{"line":4,"column":23},"end":{"line":21,"column":2}},"3":{"start":{"line":24,"column":19},"end":{"line":28,"column":5}},"4":{"start":{"line":30,"column":4},"end":{"line":30,"column":42}},"5":{"start":{"line":33,"column":17},"end":{"line":33,"column":59}},"6":{"start":{"line":35,"column":0},"end":{"line":38,"column":2}}},"fnMap":{"0":{"name":"validateCustomer","decl":{"start":{"line":23,"column":9},"end":{"line":23,"column":25}},"loc":{"start":{"line":23,"column":36},"end":{"line":31,"column":1}},"line":23}},"branchMap":{},"s":{"0":6,"1":6,"2":6,"3":10,"4":10,"5":6,"6":6},"f":{"0":10},"b":{},"_coverageSchema":"1a1c01bbd47fc00a2c39e90264f33305004495a9","hash":"6937135e3c37edb18a5dde4576c2ac93fd47419b"}
,"C:\\Udemy\\Node-Complete-Guide\\vidly-api\\models\\genres.js": {"path":"C:\\Udemy\\Node-Complete-Guide\\vidly-api\\models\\genres.js","statementMap":{"0":{"start":{"line":1,"column":12},"end":{"line":1,"column":26}},"1":{"start":{"line":2,"column":17},"end":{"line":2,"column":36}},"2":{"start":{"line":5,"column":19},"end":{"line":7,"column":5}},"3":{"start":{"line":9,"column":4},"end":{"line":9,"column":39}},"4":{"start":{"line":12,"column":20},"end":{"line":19,"column":2}},"5":{"start":{"line":21,"column":14},"end":{"line":21,"column":50}},"6":{"start":{"line":23,"column":0},"end":{"line":27,"column":1}}},"fnMap":{"0":{"name":"validateGenre","decl":{"start":{"line":4,"column":9},"end":{"line":4,"column":22}},"loc":{"start":{"line":4,"column":30},"end":{"line":10,"column":1}},"line":4}},"branchMap":{},"s":{"0":6,"1":6,"2":10,"3":10,"4":6,"5":6,"6":6},"f":{"0":10},"b":{},"_coverageSchema":"1a1c01bbd47fc00a2c39e90264f33305004495a9","hash":"3c3270796154d1863c347e167ecf69f8c5e63ed6"}
,"C:\\Udemy\\Node-Complete-Guide\\vidly-api\\models\\movies.js": {"path":"C:\\Udemy\\Node-Complete-Guide\\vidly-api\\models\\movies.js","statementMap":{"0":{"start":{"line":1,"column":12},"end":{"line":1,"column":26}},"1":{"start":{"line":2,"column":17},"end":{"line":2,"column":36}},"2":{"start":{"line":3,"column":24},"end":{"line":3,"column":43}},"3":{"start":{"line":5,"column":20},"end":{"line":29,"column":2}},"4":{"start":{"line":31,"column":14},"end":{"line":31,"column":50}},"5":{"start":{"line":34,"column":19},"end":{"line":39,"column":5}},"6":{"start":{"line":41,"column":4},"end":{"line":41,"column":39}},"7":{"start":{"line":44,"column":0},"end":{"line":47,"column":1}}},"fnMap":{"0":{"name":"validateMovies","decl":{"start":{"line":33,"column":9},"end":{"line":33,"column":23}},"loc":{"start":{"line":33,"column":31},"end":{"line":42,"column":1}},"line":33}},"branchMap":{},"s":{"0":6,"1":6,"2":6,"3":6,"4":6,"5":15,"6":15,"7":6},"f":{"0":15},"b":{},"_coverageSchema":"1a1c01bbd47fc00a2c39e90264f33305004495a9","hash":"37739ca2bece7e9256c48a27286f0683cbe41999"}
,"C:\\Udemy\\Node-Complete-Guide\\vidly-api\\models\\rental.js": {"path":"C:\\Udemy\\Node-Complete-Guide\\vidly-api\\models\\rental.js","statementMap":{"0":{"start":{"line":1,"column":12},"end":{"line":1,"column":26}},"1":{"start":{"line":2,"column":17},"end":{"line":2,"column":36}},"2":{"start":{"line":3,"column":15},"end":{"line":3,"column":32}},"3":{"start":{"line":5,"column":21},"end":{"line":56,"column":2}},"4":{"start":{"line":58,"column":0},"end":{"line":64,"column":1}},"5":{"start":{"line":59,"column":4},"end":{"line":63,"column":11}},"6":{"start":{"line":66,"column":0},"end":{"line":71,"column":1}},"7":{"start":{"line":67,"column":4},"end":{"line":67,"column":35}},"8":{"start":{"line":69,"column":23},"end":{"line":69,"column":58}},"9":{"start":{"line":70,"column":4},"end":{"line":70,"column":61}},"10":{"start":{"line":73,"column":15},"end":{"line":73,"column":53}},"11":{"start":{"line":76,"column":19},"end":{"line":79,"column":5}},"12":{"start":{"line":81,"column":4},"end":{"line":81,"column":40}},"13":{"start":{"line":84,"column":0},"end":{"line":87,"column":1}}},"fnMap":{"0":{"name":"(anonymous_0)","decl":{"start":{"line":58,"column":30},"end":{"line":58,"column":31}},"loc":{"start":{"line":58,"column":61},"end":{"line":64,"column":1}},"line":58},"1":{"name":"(anonymous_1)","decl":{"start":{"line":66,"column":30},"end":{"line":66,"column":31}},"loc":{"start":{"line":66,"column":42},"end":{"line":71,"column":1}},"line":66},"2":{"name":"validateRental","decl":{"start":{"line":75,"column":9},"end":{"line":75,"column":23}},"loc":{"start":{"line":75,"column":32},"end":{"line":82,"column":1}},"line":75}},"branchMap":{},"s":{"0":6,"1":6,"2":6,"3":6,"4":6,"5":7,"6":6,"7":5,"8":5,"9":5,"10":6,"11":5,"12":5,"13":6},"f":{"0":7,"1":5,"2":5},"b":{},"_coverageSchema":"1a1c01bbd47fc00a2c39e90264f33305004495a9","hash":"5d863bcaaf0fd91eab0af02b29775bfd1d642ff2"}
,"C:\\Udemy\\Node-Complete-Guide\\vidly-api\\models\\users.js": {"path":"C:\\Udemy\\Node-Complete-Guide\\vidly-api\\models\\users.js","statementMap":{"0":{"start":{"line":1,"column":12},"end":{"line":1,"column":35}},"1":{"start":{"line":2,"column":15},"end":{"line":2,"column":32}},"2":{"start":{"line":3,"column":12},"end":{"line":3,"column":26}},"3":{"start":{"line":4,"column":17},"end":{"line":4,"column":36}},"4":{"start":{"line":6,"column":19},"end":{"line":27,"column":2}},"5":{"start":{"line":29,"column":0},"end":{"line":32,"column":1}},"6":{"start":{"line":30,"column":18},"end":{"line":30,"column":97}},"7":{"start":{"line":31,"column":4},"end":{"line":31,"column":17}},"8":{"start":{"line":34,"column":13},"end":{"line":34,"column":47}},"9":{"start":{"line":37,"column":19},"end":{"line":41,"column":5}},"10":{"start":{"line":43,"column":4},"end":{"line":43,"column":38}},"11":{"start":{"line":46,"column":0},"end":{"line":49,"column":1}}},"fnMap":{"0":{"name":"(anonymous_0)","decl":{"start":{"line":29,"column":39},"end":{"line":29,"column":40}},"loc":{"start":{"line":29,"column":51},"end":{"line":32,"column":1}},"line":29},"1":{"name":"validateUser","decl":{"start":{"line":36,"column":9},"end":{"line":36,"column":21}},"loc":{"start":{"line":36,"column":28},"end":{"line":44,"column":1}},"line":36}},"branchMap":{},"s":{"0":6,"1":6,"2":6,"3":6,"4":6,"5":6,"6":77,"7":77,"8":6,"9":0,"10":0,"11":6},"f":{"0":77,"1":0},"b":{},"_coverageSchema":"1a1c01bbd47fc00a2c39e90264f33305004495a9","hash":"94e4474dd41bea9461e3ccd22f6a1501bd5fb2fc"}
,"C:\\Udemy\\Node-Complete-Guide\\vidly-api\\routes\\customers.js": {"path":"C:\\Udemy\\Node-Complete-Guide\\vidly-api\\routes\\customers.js","statementMap":{"0":{"start":{"line":1,"column":25},"end":{"line":1,"column":66}},"1":{"start":{"line":2,"column":13},"end":{"line":2,"column":42}},"2":{"start":{"line":3,"column":14},"end":{"line":3,"column":44}},"3":{"start":{"line":4,"column":31},"end":{"line":4,"column":61}},"4":{"start":{"line":5,"column":16},"end":{"line":5,"column":34}},"5":{"start":{"line":6,"column":15},"end":{"line":6,"column":31}},"6":{"start":{"line":9,"column":0},"end":{"line":12,"column":3}},"7":{"start":{"line":10,"column":21},"end":{"line":10,"column":55}},"8":{"start":{"line":11,"column":4},"end":{"line":11,"column":23}},"9":{"start":{"line":14,"column":0},"end":{"line":22,"column":3}},"10":{"start":{"line":15,"column":22},"end":{"line":15,"column":40}},"11":{"start":{"line":16,"column":4},"end":{"line":16,"column":69}},"12":{"start":{"line":16,"column":15},"end":{"line":16,"column":69}},"13":{"start":{"line":17,"column":36},"end":{"line":17,"column":44}},"14":{"start":{"line":18,"column":21},"end":{"line":18,"column":58}},"15":{"start":{"line":19,"column":4},"end":{"line":19,"column":26}},"16":{"start":{"line":21,"column":4},"end":{"line":21,"column":23}},"17":{"start":{"line":24,"column":0},"end":{"line":31,"column":3}},"18":{"start":{"line":25,"column":22},"end":{"line":25,"column":40}},"19":{"start":{"line":26,"column":4},"end":{"line":26,"column":69}},"20":{"start":{"line":26,"column":15},"end":{"line":26,"column":69}},"21":{"start":{"line":27,"column":36},"end":{"line":27,"column":44}},"22":{"start":{"line":28,"column":21},"end":{"line":28,"column":108}},"23":{"start":{"line":29,"column":4},"end":{"line":29,"column":91}},"24":{"start":{"line":29,"column":19},"end":{"line":29,"column":91}},"25":{"start":{"line":30,"column":4},"end":{"line":30,"column":23}},"26":{"start":{"line":33,"column":0},"end":{"line":37,"column":3}},"27":{"start":{"line":34,"column":21},"end":{"line":34,"column":68}},"28":{"start":{"line":35,"column":4},"end":{"line":35,"column":91}},"29":{"start":{"line":35,"column":19},"end":{"line":35,"column":91}},"30":{"start":{"line":36,"column":4},"end":{"line":36,"column":23}},"31":{"start":{"line":39,"column":0},"end":{"line":43,"column":3}},"32":{"start":{"line":40,"column":21},"end":{"line":40,"column":59}},"33":{"start":{"line":41,"column":4},"end":{"line":41,"column":91}},"34":{"start":{"line":41,"column":19},"end":{"line":41,"column":91}},"35":{"start":{"line":42,"column":4},"end":{"line":42,"column":23}},"36":{"start":{"line":45,"column":0},"end":{"line":45,"column":24}}},"fnMap":{"0":{"name":"(anonymous_0)","decl":{"start":{"line":9,"column":16},"end":{"line":9,"column":17}},"loc":{"start":{"line":9,"column":36},"end":{"line":12,"column":1}},"line":9},"1":{"name":"(anonymous_1)","decl":{"start":{"line":14,"column":23},"end":{"line":14,"column":24}},"loc":{"start":{"line":14,"column":43},"end":{"line":22,"column":1}},"line":14},"2":{"name":"(anonymous_2)","decl":{"start":{"line":24,"column":25},"end":{"line":24,"column":26}},"loc":{"start":{"line":24,"column":45},"end":{"line":31,"column":1}},"line":24},"3":{"name":"(anonymous_3)","decl":{"start":{"line":33,"column":37},"end":{"line":33,"column":38}},"loc":{"start":{"line":33,"column":57},"end":{"line":37,"column":1}},"line":33},"4":{"name":"(anonymous_4)","decl":{"start":{"line":39,"column":37},"end":{"line":39,"column":38}},"loc":{"start":{"line":39,"column":57},"end":{"line":43,"column":1}},"line":39}},"branchMap":{"0":{"loc":{"start":{"line":16,"column":4},"end":{"line":16,"column":69}},"type":"if","locations":[{"start":{"line":16,"column":4},"end":{"line":16,"column":69}},{"start":{"line":16,"column":4},"end":{"line":16,"column":69}}],"line":16},"1":{"loc":{"start":{"line":26,"column":4},"end":{"line":26,"column":69}},"type":"if","locations":[{"start":{"line":26,"column":4},"end":{"line":26,"column":69}},{"start":{"line":26,"column":4},"end":{"line":26,"column":69}}],"line":26},"2":{"loc":{"start":{"line":29,"column":4},"end":{"line":29,"column":91}},"type":"if","locations":[{"start":{"line":29,"column":4},"end":{"line":29,"column":91}},{"start":{"line":29,"column":4},"end":{"line":29,"column":91}}],"line":29},"3":{"loc":{"start":{"line":35,"column":4},"end":{"line":35,"column":91}},"type":"if","locations":[{"start":{"line":35,"column":4},"end":{"line":35,"column":91}},{"start":{"line":35,"column":4},"end":{"line":35,"column":91}}],"line":35},"4":{"loc":{"start":{"line":41,"column":4},"end":{"line":41,"column":91}},"type":"if","locations":[{"start":{"line":41,"column":4},"end":{"line":41,"column":91}},{"start":{"line":41,"column":4},"end":{"line":41,"column":91}}],"line":41}},"s":{"0":6,"1":6,"2":6,"3":6,"4":6,"5":6,"6":6,"7":1,"8":1,"9":6,"10":4,"11":4,"12":2,"13":2,"14":2,"15":2,"16":2,"17":6,"18":6,"19":6,"20":3,"21":3,"22":3,"23":3,"24":1,"25":2,"26":6,"27":3,"28":3,"29":1,"30":2,"31":6,"32":2,"33":2,"34":1,"35":1,"36":6},"f":{"0":1,"1":4,"2":6,"3":3,"4":2},"b":{"0":[2,2],"1":[3,3],"2":[1,2],"3":[1,2],"4":[1,1]},"_coverageSchema":"1a1c01bbd47fc00a2c39e90264f33305004495a9","hash":"f05e8498373897c68ce91c64a27fac70e1162ef5"}
,"C:\\Udemy\\Node-Complete-Guide\\vidly-api\\routes\\movies.js": {"path":"C:\\Udemy\\Node-Complete-Guide\\vidly-api\\routes\\movies.js","statementMap":{"0":{"start":{"line":1,"column":25},"end":{"line":1,"column":66}},"1":{"start":{"line":2,"column":13},"end":{"line":2,"column":42}},"2":{"start":{"line":3,"column":14},"end":{"line":3,"column":44}},"3":{"start":{"line":4,"column":28},"end":{"line":4,"column":55}},"4":{"start":{"line":5,"column":16},"end":{"line":5,"column":34}},"5":{"start":{"line":6,"column":18},"end":{"line":6,"column":45}},"6":{"start":{"line":7,"column":15},"end":{"line":7,"column":31}},"7":{"start":{"line":9,"column":0},"end":{"line":12,"column":3}},"8":{"start":{"line":10,"column":19},"end":{"line":10,"column":51}},"9":{"start":{"line":11,"column":4},"end":{"line":11,"column":21}},"10":{"start":{"line":14,"column":0},"end":{"line":33,"column":3}},"11":{"start":{"line":15,"column":22},"end":{"line":15,"column":40}},"12":{"start":{"line":16,"column":4},"end":{"line":16,"column":69}},"13":{"start":{"line":16,"column":15},"end":{"line":16,"column":69}},"14":{"start":{"line":18,"column":18},"end":{"line":18,"column":56}},"15":{"start":{"line":19,"column":4},"end":{"line":19,"column":61}},"16":{"start":{"line":19,"column":16},"end":{"line":19,"column":61}},"17":{"start":{"line":21,"column":18},"end":{"line":30,"column":6}},"18":{"start":{"line":31,"column":4},"end":{"line":31,"column":23}},"19":{"start":{"line":32,"column":4},"end":{"line":32,"column":20}},"20":{"start":{"line":35,"column":0},"end":{"line":55,"column":3}},"21":{"start":{"line":36,"column":22},"end":{"line":36,"column":40}},"22":{"start":{"line":37,"column":4},"end":{"line":37,"column":69}},"23":{"start":{"line":37,"column":15},"end":{"line":37,"column":69}},"24":{"start":{"line":39,"column":18},"end":{"line":39,"column":56}},"25":{"start":{"line":40,"column":4},"end":{"line":40,"column":61}},"26":{"start":{"line":40,"column":16},"end":{"line":40,"column":61}},"27":{"start":{"line":42,"column":54},"end":{"line":42,"column":62}},"28":{"start":{"line":43,"column":18},"end":{"line":52,"column":25}},"29":{"start":{"line":53,"column":4},"end":{"line":53,"column":85}},"30":{"start":{"line":53,"column":16},"end":{"line":53,"column":85}},"31":{"start":{"line":54,"column":4},"end":{"line":54,"column":20}},"32":{"start":{"line":57,"column":0},"end":{"line":62,"column":3}},"33":{"start":{"line":58,"column":18},"end":{"line":58,"column":62}},"34":{"start":{"line":59,"column":4},"end":{"line":59,"column":85}},"35":{"start":{"line":59,"column":16},"end":{"line":59,"column":85}},"36":{"start":{"line":61,"column":4},"end":{"line":61,"column":20}},"37":{"start":{"line":64,"column":0},"end":{"line":68,"column":3}},"38":{"start":{"line":65,"column":18},"end":{"line":65,"column":53}},"39":{"start":{"line":66,"column":4},"end":{"line":66,"column":85}},"40":{"start":{"line":66,"column":16},"end":{"line":66,"column":85}},"41":{"start":{"line":67,"column":4},"end":{"line":67,"column":20}},"42":{"start":{"line":70,"column":0},"end":{"line":70,"column":24}}},"fnMap":{"0":{"name":"(anonymous_0)","decl":{"start":{"line":9,"column":16},"end":{"line":9,"column":17}},"loc":{"start":{"line":9,"column":36},"end":{"line":12,"column":1}},"line":9},"1":{"name":"(anonymous_1)","decl":{"start":{"line":14,"column":23},"end":{"line":14,"column":24}},"loc":{"start":{"line":14,"column":43},"end":{"line":33,"column":1}},"line":14},"2":{"name":"(anonymous_2)","decl":{"start":{"line":35,"column":25},"end":{"line":35,"column":26}},"loc":{"start":{"line":35,"column":45},"end":{"line":55,"column":1}},"line":35},"3":{"name":"(anonymous_3)","decl":{"start":{"line":57,"column":37},"end":{"line":57,"column":38}},"loc":{"start":{"line":57,"column":57},"end":{"line":62,"column":1}},"line":57},"4":{"name":"(anonymous_4)","decl":{"start":{"line":64,"column":37},"end":{"line":64,"column":38}},"loc":{"start":{"line":64,"column":57},"end":{"line":68,"column":1}},"line":64}},"branchMap":{"0":{"loc":{"start":{"line":16,"column":4},"end":{"line":16,"column":69}},"type":"if","locations":[{"start":{"line":16,"column":4},"end":{"line":16,"column":69}},{"start":{"line":16,"column":4},"end":{"line":16,"column":69}}],"line":16},"1":{"loc":{"start":{"line":19,"column":4},"end":{"line":19,"column":61}},"type":"if","locations":[{"start":{"line":19,"column":4},"end":{"line":19,"column":61}},{"start":{"line":19,"column":4},"end":{"line":19,"column":61}}],"line":19},"2":{"loc":{"start":{"line":37,"column":4},"end":{"line":37,"column":69}},"type":"if","locations":[{"start":{"line":37,"column":4},"end":{"line":37,"column":69}},{"start":{"line":37,"column":4},"end":{"line":37,"column":69}}],"line":37},"3":{"loc":{"start":{"line":40,"column":4},"end":{"line":40,"column":61}},"type":"if","locations":[{"start":{"line":40,"column":4},"end":{"line":40,"column":61}},{"start":{"line":40,"column":4},"end":{"line":40,"column":61}}],"line":40},"4":{"loc":{"start":{"line":53,"column":4},"end":{"line":53,"column":85}},"type":"if","locations":[{"start":{"line":53,"column":4},"end":{"line":53,"column":85}},{"start":{"line":53,"column":4},"end":{"line":53,"column":85}}],"line":53},"5":{"loc":{"start":{"line":59,"column":4},"end":{"line":59,"column":85}},"type":"if","locations":[{"start":{"line":59,"column":4},"end":{"line":59,"column":85}},{"start":{"line":59,"column":4},"end":{"line":59,"column":85}}],"line":59},"6":{"loc":{"start":{"line":66,"column":4},"end":{"line":66,"column":85}},"type":"if","locations":[{"start":{"line":66,"column":4},"end":{"line":66,"column":85}},{"start":{"line":66,"column":4},"end":{"line":66,"column":85}}],"line":66}},"s":{"0":6,"1":6,"2":6,"3":6,"4":6,"5":6,"6":6,"7":6,"8":1,"9":1,"10":6,"11":7,"12":7,"13":4,"14":3,"15":3,"16":1,"17":2,"18":2,"19":2,"20":6,"21":8,"22":8,"23":4,"24":4,"25":4,"26":1,"27":3,"28":3,"29":3,"30":1,"31":2,"32":6,"33":3,"34":3,"35":1,"36":2,"37":6,"38":2,"39":2,"40":1,"41":1,"42":6},"f":{"0":1,"1":7,"2":8,"3":3,"4":2},"b":{"0":[4,3],"1":[1,2],"2":[4,4],"3":[1,3],"4":[1,2],"5":[1,2],"6":[1,1]},"_coverageSchema":"1a1c01bbd47fc00a2c39e90264f33305004495a9","hash":"1b4179ed93c548ec5cb48fa0db44dc16bf85e152"}
,"C:\\Udemy\\Node-Complete-Guide\\vidly-api\\routes\\rental.js": {"path":"C:\\Udemy\\Node-Complete-Guide\\vidly-api\\routes\\rental.js","statementMap":{"0":{"start":{"line":1,"column":25},"end":{"line":1,"column":66}},"1":{"start":{"line":2,"column":13},"end":{"line":2,"column":42}},"2":{"start":{"line":3,"column":29},"end":{"line":3,"column":56}},"3":{"start":{"line":4,"column":18},"end":{"line":4,"column":45}},"4":{"start":{"line":5,"column":21},"end":{"line":5,"column":51}},"5":{"start":{"line":6,"column":17},"end":{"line":6,"column":36}},"6":{"start":{"line":7,"column":13},"end":{"line":7,"column":28}},"7":{"start":{"line":8,"column":16},"end":{"line":8,"column":34}},"8":{"start":{"line":9,"column":15},"end":{"line":9,"column":31}},"9":{"start":{"line":11,"column":0},"end":{"line":11,"column":20}},"10":{"start":{"line":13,"column":0},"end":{"line":16,"column":3}},"11":{"start":{"line":14,"column":20},"end":{"line":14,"column":56}},"12":{"start":{"line":15,"column":4},"end":{"line":15,"column":22}},"13":{"start":{"line":18,"column":0},"end":{"line":55,"column":3}},"14":{"start":{"line":19,"column":22},"end":{"line":19,"column":40}},"15":{"start":{"line":20,"column":4},"end":{"line":20,"column":69}},"16":{"start":{"line":20,"column":15},"end":{"line":20,"column":69}},"17":{"start":{"line":22,"column":21},"end":{"line":22,"column":65}},"18":{"start":{"line":23,"column":4},"end":{"line":23,"column":67}},"19":{"start":{"line":23,"column":19},"end":{"line":23,"column":67}},"20":{"start":{"line":25,"column":18},"end":{"line":25,"column":56}},"21":{"start":{"line":26,"column":4},"end":{"line":26,"column":61}},"22":{"start":{"line":26,"column":16},"end":{"line":26,"column":61}},"23":{"start":{"line":28,"column":4},"end":{"line":28,"column":88}},"24":{"start":{"line":28,"column":35},"end":{"line":28,"column":88}},"25":{"start":{"line":30,"column":19},"end":{"line":41,"column":6}},"26":{"start":{"line":42,"column":4},"end":{"line":53,"column":5}},"27":{"start":{"line":43,"column":8},"end":{"line":48,"column":19}},"28":{"start":{"line":50,"column":8},"end":{"line":50,"column":25}},"29":{"start":{"line":52,"column":8},"end":{"line":52,"column":47}},"30":{"start":{"line":54,"column":4},"end":{"line":54,"column":21}},"31":{"start":{"line":57,"column":0},"end":{"line":61,"column":3}},"32":{"start":{"line":58,"column":19},"end":{"line":58,"column":72}},"33":{"start":{"line":59,"column":4},"end":{"line":59,"column":87}},"34":{"start":{"line":59,"column":17},"end":{"line":59,"column":87}},"35":{"start":{"line":60,"column":4},"end":{"line":60,"column":21}},"36":{"start":{"line":63,"column":0},"end":{"line":63,"column":24}}},"fnMap":{"0":{"name":"(anonymous_0)","decl":{"start":{"line":13,"column":16},"end":{"line":13,"column":17}},"loc":{"start":{"line":13,"column":36},"end":{"line":16,"column":1}},"line":13},"1":{"name":"(anonymous_1)","decl":{"start":{"line":18,"column":23},"end":{"line":18,"column":24}},"loc":{"start":{"line":18,"column":43},"end":{"line":55,"column":1}},"line":18},"2":{"name":"(anonymous_2)","decl":{"start":{"line":57,"column":37},"end":{"line":57,"column":38}},"loc":{"start":{"line":57,"column":57},"end":{"line":61,"column":1}},"line":57}},"branchMap":{"0":{"loc":{"start":{"line":20,"column":4},"end":{"line":20,"column":69}},"type":"if","locations":[{"start":{"line":20,"column":4},"end":{"line":20,"column":69}},{"start":{"line":20,"column":4},"end":{"line":20,"column":69}}],"line":20},"1":{"loc":{"start":{"line":23,"column":4},"end":{"line":23,"column":67}},"type":"if","locations":[{"start":{"line":23,"column":4},"end":{"line":23,"column":67}},{"start":{"line":23,"column":4},"end":{"line":23,"column":67}}],"line":23},"2":{"loc":{"start":{"line":26,"column":4},"end":{"line":26,"column":61}},"type":"if","locations":[{"start":{"line":26,"column":4},"end":{"line":26,"column":61}},{"start":{"line":26,"column":4},"end":{"line":26,"column":61}}],"line":26},"3":{"loc":{"start":{"line":28,"column":4},"end":{"line":28,"column":88}},"type":"if","locations":[{"start":{"line":28,"column":4},"end":{"line":28,"column":88}},{"start":{"line":28,"column":4},"end":{"line":28,"column":88}}],"line":28},"4":{"loc":{"start":{"line":59,"column":4},"end":{"line":59,"column":87}},"type":"if","locations":[{"start":{"line":59,"column":4},"end":{"line":59,"column":87}},{"start":{"line":59,"column":4},"end":{"line":59,"column":87}}],"line":59}},"s":{"0":6,"1":6,"2":6,"3":6,"4":6,"5":6,"6":6,"7":6,"8":6,"9":6,"10":6,"11":1,"12":1,"13":6,"14":5,"15":5,"16":1,"17":4,"18":4,"19":1,"20":3,"21":3,"22":1,"23":2,"24":1,"25":1,"26":1,"27":1,"28":1,"29":0,"30":1,"31":6,"32":2,"33":2,"34":1,"35":1,"36":6},"f":{"0":1,"1":5,"2":2},"b":{"0":[1,4],"1":[1,3],"2":[1,2],"3":[1,1],"4":[1,1]},"_coverageSchema":"1a1c01bbd47fc00a2c39e90264f33305004495a9","hash":"02d662ba59e1e9c208ab39ec5cd83718460f7f48"}
,"C:\\Udemy\\Node-Complete-Guide\\vidly-api\\routes\\returns.js": {"path":"C:\\Udemy\\Node-Complete-Guide\\vidly-api\\routes\\returns.js","statementMap":{"0":{"start":{"line":1,"column":17},"end":{"line":1,"column":50}},"1":{"start":{"line":2,"column":12},"end":{"line":2,"column":26}},"2":{"start":{"line":3,"column":16},"end":{"line":3,"column":34}},"3":{"start":{"line":4,"column":15},"end":{"line":4,"column":31}},"4":{"start":{"line":5,"column":13},"end":{"line":5,"column":42}},"5":{"start":{"line":6,"column":19},"end":{"line":6,"column":46}},"6":{"start":{"line":7,"column":18},"end":{"line":7,"column":45}},"7":{"start":{"line":9,"column":0},"end":{"line":21,"column":3}},"8":{"start":{"line":10,"column":19},"end":{"line":10,"column":77}},"9":{"start":{"line":11,"column":4},"end":{"line":11,"column":65}},"10":{"start":{"line":11,"column":17},"end":{"line":11,"column":65}},"11":{"start":{"line":12,"column":4},"end":{"line":12,"column":88}},"12":{"start":{"line":12,"column":29},"end":{"line":12,"column":88}},"13":{"start":{"line":14,"column":4},"end":{"line":14,"column":20}},"14":{"start":{"line":15,"column":4},"end":{"line":15,"column":24}},"15":{"start":{"line":17,"column":4},"end":{"line":19,"column":7}},"16":{"start":{"line":20,"column":4},"end":{"line":20,"column":40}},"17":{"start":{"line":24,"column":19},"end":{"line":27,"column":5}},"18":{"start":{"line":29,"column":4},"end":{"line":29,"column":37}},"19":{"start":{"line":33,"column":0},"end":{"line":33,"column":24}}},"fnMap":{"0":{"name":"(anonymous_0)","decl":{"start":{"line":9,"column":51},"end":{"line":9,"column":52}},"loc":{"start":{"line":9,"column":71},"end":{"line":21,"column":1}},"line":9},"1":{"name":"validateReturn","decl":{"start":{"line":23,"column":9},"end":{"line":23,"column":23}},"loc":{"start":{"line":23,"column":29},"end":{"line":30,"column":1}},"line":23}},"branchMap":{"0":{"loc":{"start":{"line":11,"column":4},"end":{"line":11,"column":65}},"type":"if","locations":[{"start":{"line":11,"column":4},"end":{"line":11,"column":65}},{"start":{"line":11,"column":4},"end":{"line":11,"column":65}}],"line":11},"1":{"loc":{"start":{"line":12,"column":4},"end":{"line":12,"column":88}},"type":"if","locations":[{"start":{"line":12,"column":4},"end":{"line":12,"column":88}},{"start":{"line":12,"column":4},"end":{"line":12,"column":88}}],"line":12}},"s":{"0":6,"1":6,"2":6,"3":6,"4":6,"5":6,"6":6,"7":6,"8":7,"9":7,"10":1,"11":6,"12":1,"13":5,"14":5,"15":5,"16":5,"17":9,"18":9,"19":6},"f":{"0":7,"1":9},"b":{"0":[1,6],"1":[1,5]},"_coverageSchema":"1a1c01bbd47fc00a2c39e90264f33305004495a9","hash":"ba3e7605923a24fa072ce8fd3d3dc1d608641597"}
,"C:\\Udemy\\Node-Complete-Guide\\vidly-api\\startup\\routes.js": {"path":"C:\\Udemy\\Node-Complete-Guide\\vidly-api\\startup\\routes.js","statementMap":{"0":{"start":{"line":1,"column":16},"end":{"line":1,"column":34}},"1":{"start":{"line":2,"column":14},"end":{"line":2,"column":44}},"2":{"start":{"line":3,"column":13},"end":{"line":3,"column":38}},"3":{"start":{"line":4,"column":13},"end":{"line":4,"column":38}},"4":{"start":{"line":5,"column":14},"end":{"line":5,"column":40}},"5":{"start":{"line":6,"column":15},"end":{"line":6,"column":42}},"6":{"start":{"line":7,"column":15},"end":{"line":7,"column":42}},"7":{"start":{"line":8,"column":18},"end":{"line":8,"column":48}},"8":{"start":{"line":9,"column":16},"end":{"line":9,"column":43}},"9":{"start":{"line":10,"column":16},"end":{"line":10,"column":44}},"10":{"start":{"line":12,"column":0},"end":{"line":22,"column":1}},"11":{"start":{"line":13,"column":4},"end":{"line":13,"column":23}},"12":{"start":{"line":14,"column":4},"end":{"line":14,"column":31}},"13":{"start":{"line":15,"column":4},"end":{"line":15,"column":33}},"14":{"start":{"line":16,"column":4},"end":{"line":16,"column":35}},"15":{"start":{"line":17,"column":4},"end":{"line":17,"column":35}},"16":{"start":{"line":18,"column":4},"end":{"line":18,"column":41}},"17":{"start":{"line":19,"column":4},"end":{"line":19,"column":36}},"18":{"start":{"line":20,"column":4},"end":{"line":20,"column":37}},"19":{"start":{"line":21,"column":4},"end":{"line":21,"column":19}}},"fnMap":{"0":{"name":"(anonymous_0)","decl":{"start":{"line":12,"column":17},"end":{"line":12,"column":18}},"loc":{"start":{"line":12,"column":32},"end":{"line":22,"column":1}},"line":12}},"branchMap":{},"s":{"0":6,"1":6,"2":6,"3":6,"4":6,"5":6,"6":6,"7":6,"8":6,"9":6,"10":6,"11":6,"12":6,"13":6,"14":6,"15":6,"16":6,"17":6,"18":6,"19":6},"f":{"0":6},"b":{},"_coverageSchema":"1a1c01bbd47fc00a2c39e90264f33305004495a9","hash":"22e11d55728eea7148633fa044eb7f8770144627"}
}
