TN:
SF:index.js
FN:20,(anonymous_0)
FNF:1
FNH:1
FNDA:6,(anonymous_0)
DA:1,6
DA:2,6
DA:3,6
DA:4,6
DA:6,6
DA:8,6
DA:9,6
DA:10,6
DA:11,6
DA:13,6
DA:14,6
DA:15,6
DA:16,6
DA:17,6
DA:18,6
DA:20,6
DA:22,6
LF:17
LH:17
BRDA:6,0,0,6
BRDA:6,0,1,6
BRF:2
BRH:2
end_of_record
TN:
SF:models\customers.js
FN:23,validateCustomer
FNF:1
FNH:1
FNDA:10,validateCustomer
DA:1,6
DA:2,6
DA:4,6
DA:24,10
DA:30,10
DA:33,6
DA:35,6
LF:7
LH:7
BRF:0
BRH:0
end_of_record
TN:
SF:models\genres.js
FN:4,validateGenre
FNF:1
FNH:1
FNDA:10,validateGenre
DA:1,6
DA:2,6
DA:5,10
DA:9,10
DA:12,6
DA:21,6
DA:23,6
LF:7
LH:7
BRF:0
BRH:0
end_of_record
TN:
SF:models\movies.js
FN:33,validateMovies
FNF:1
FNH:1
FNDA:15,validateMovies
DA:1,6
DA:2,6
DA:3,6
DA:5,6
DA:31,6
DA:34,15
DA:41,15
DA:44,6
LF:8
LH:8
BRF:0
BRH:0
end_of_record
TN:
SF:models\rental.js
FN:58,(anonymous_0)
FN:66,(anonymous_1)
FN:75,validateRental
FNF:3
FNH:3
FNDA:7,(anonymous_0)
FNDA:5,(anonymous_1)
FNDA:5,validateRental
DA:1,6
DA:2,6
DA:3,6
DA:5,6
DA:58,6
DA:59,7
DA:66,6
DA:67,5
DA:69,5
DA:70,5
DA:73,6
DA:76,5
DA:81,5
DA:84,6
LF:14
LH:14
BRF:0
BRH:0
end_of_record
TN:
SF:models\users.js
FN:29,(anonymous_0)
FN:36,validateUser
FNF:2
FNH:1
FNDA:85,(anonymous_0)
FNDA:0,validateUser
DA:1,6
DA:2,6
DA:3,6
DA:4,6
DA:6,6
DA:29,6
DA:30,85
DA:31,85
DA:34,6
DA:37,0
DA:43,0
DA:46,6
LF:12
LH:10
BRF:0
BRH:0
end_of_record
TN:
SF:routes\customers.js
FN:9,(anonymous_0)
FN:14,(anonymous_1)
FN:24,(anonymous_2)
FN:33,(anonymous_3)
FN:39,(anonymous_4)
FNF:5
FNH:5
FNDA:1,(anonymous_0)
FNDA:4,(anonymous_1)
FNDA:6,(anonymous_2)
FNDA:3,(anonymous_3)
FNDA:2,(anonymous_4)
DA:1,6
DA:2,6
DA:3,6
DA:4,6
DA:5,6
DA:6,6
DA:9,6
DA:10,1
DA:11,1
DA:14,6
DA:15,4
DA:16,4
DA:17,2
DA:18,2
DA:19,2
DA:21,2
DA:24,6
DA:25,6
DA:26,6
DA:27,3
DA:28,3
DA:29,3
DA:30,2
DA:33,6
DA:34,3
DA:35,3
DA:36,2
DA:39,6
DA:40,2
DA:41,2
DA:42,1
DA:45,6
LF:32
LH:32
BRDA:16,0,0,2
BRDA:16,0,1,2
BRDA:26,1,0,3
BRDA:26,1,1,3
BRDA:29,2,0,1
BRDA:29,2,1,2
BRDA:35,3,0,1
BRDA:35,3,1,2
BRDA:41,4,0,1
BRDA:41,4,1,1
BRF:10
BRH:10
end_of_record
TN:
SF:routes\genres.js
FN:9,(anonymous_0)
FN:14,(anonymous_1)
FN:23,(anonymous_2)
FN:32,(anonymous_3)
FN:39,(anonymous_4)
FNF:5
FNH:5
FNDA:1,(anonymous_0)
FNDA:5,(anonymous_1)
FNDA:5,(anonymous_2)
FNDA:3,(anonymous_3)
FNDA:2,(anonymous_4)
DA:1,6
DA:2,6
DA:3,6
DA:4,6
DA:5,6
DA:6,6
DA:7,6
DA:9,6
DA:10,1
DA:11,1
DA:14,6
DA:15,5
DA:16,5
DA:18,3
DA:19,3
DA:20,3
DA:23,6
DA:24,5
DA:25,5
DA:26,3
DA:27,3
DA:29,2
DA:32,6
DA:33,3
DA:34,3
DA:36,2
DA:39,6
DA:40,2
DA:41,2
DA:42,1
DA:45,6
LF:31
LH:31
BRDA:16,0,0,2
BRDA:16,0,1,3
BRDA:25,1,0,2
BRDA:25,1,1,3
BRDA:27,2,0,1
BRDA:27,2,1,2
BRDA:34,3,0,1
BRDA:34,3,1,2
BRDA:41,4,0,1
BRDA:41,4,1,1
BRF:10
BRH:10
end_of_record
TN:
SF:routes\rental.js
FN:13,(anonymous_0)
FN:18,(anonymous_1)
FN:57,(anonymous_2)
FNF:3
FNH:3
FNDA:1,(anonymous_0)
FNDA:5,(anonymous_1)
FNDA:2,(anonymous_2)
DA:1,6
DA:2,6
DA:3,6
DA:4,6
DA:5,6
DA:6,6
DA:7,6
DA:8,6
DA:9,6
DA:11,6
DA:13,6
DA:14,1
DA:15,1
DA:18,6
DA:19,5
DA:20,5
DA:22,4
DA:23,4
DA:25,3
DA:26,3
DA:28,2
DA:30,1
DA:42,1
DA:43,1
DA:50,1
DA:52,0
DA:54,1
DA:57,6
DA:58,2
DA:59,2
DA:60,1
DA:63,6
LF:32
LH:31
BRDA:20,0,0,1
BRDA:20,0,1,4
BRDA:23,1,0,1
BRDA:23,1,1,3
BRDA:26,2,0,1
BRDA:26,2,1,2
BRDA:28,3,0,1
BRDA:28,3,1,1
BRDA:59,4,0,1
BRDA:59,4,1,1
BRF:10
BRH:10
end_of_record
TN:
SF:startup\prod.js
FN:4,(anonymous_0)
FNF:1
FNH:1
FNDA:6,(anonymous_0)
DA:1,6
DA:2,6
DA:4,6
DA:5,6
DA:6,6
LF:5
LH:5
BRF:0
BRH:0
end_of_record
